<?xml version="1.0" encoding="UTF-8"?>
<!-- Generated by org.testng.reporters.JUnitXMLReporter -->
<testsuite ignored="0" hostname="Qualitrix-LinuxPC" failures="3" tests="9" name="Test" time="642.129" errors="0" timestamp="05 Dec 2018 08:20:33 GMT">
  <testcase classname="org.testscript.VerifyHomePage" name="verifyHomePage" time="81.644">
    <failure type="java.lang.AssertionError" message="Failed on logging In, Exception : Expected condition failed: waiting for visibility of Proxy element for: DefaultElementLocator &amp;apos;By.xpath: (//a[contains(text(),&amp;apos;LOGIN&amp;apos;)])[2]&amp;apos; (tried for 60 second(s) with 500 milliseconds interval)">
      <![CDATA[java.lang.AssertionError: Failed on logging In, Exception : Expected condition failed: waiting for visibility of Proxy element for: DefaultElementLocator 'By.xpath: (//a[contains(text(),'LOGIN')])[2]' (tried for 60 second(s) with 500 milliseconds interval)
	at org.pageobjects.SignUpPageObj.userLogin(SignUpPageObj.java:166)
	at org.testscript.VerifyHomePage.verifyHomePage(VerifyHomePage.java:28)
... Removed 26 stack frames]]>
    </failure>
  </testcase> <!-- verifyHomePage -->
  <testcase classname="org.testscript.RejectTheContent" name="rejectTheContent" time="74.937">
    <failure type="java.lang.AssertionError" message="User is not able to see the upload content in the all uploads section, Exceptionelement not visible
  (Session info: chrome=70.0.3538.67)
  (Driver info: chromedriver=2.41.578700 (2f1ed5f9343c13f73144538f15c00b370eda6706),platform=Linux 4.15.0-39-generic x86_64) (WARNING: The server did not provide any stacktrace information)
Command duration or timeout: 0 milliseconds
Build info: version: &amp;apos;3.12.0&amp;apos;, revision: &amp;apos;7c6e0b3&amp;apos;, time: &amp;apos;2018-05-08T14:04:26.12Z&amp;apos;
System info: host: &amp;apos;Qualitrix-LinuxPC&amp;apos;, ip: &amp;apos;127.0.1.1&amp;apos;, os.name: &amp;apos;Linux&amp;apos;, os.arch: &amp;apos;amd64&amp;apos;, os.version: &amp;apos;4.15.0-39-generic&amp;apos;, java.version: &amp;apos;10.0.2&amp;apos;
Driver info: org.openqa.selenium.chrome.ChromeDriver
Capabilities {acceptInsecureCerts: false, acceptSslCerts: false, applicationCacheEnabled: false, browserConnectionEnabled: false, browserName: chrome, chrome: {chromedriverVersion: 2.41.578700 (2f1ed5f9343c13..., userDataDir: /tmp/.org.chromium.Chromium...}, cssSelectorsEnabled: true, databaseEnabled: false, goog:chromeOptions: {debuggerAddress: localhost:44107}, handlesAlerts: true, hasTouchScreen: false, javascriptEnabled: true, locationContextEnabled: true, mobileEmulationEnabled: false, nativeEvents: true, networkConnectionEnabled: false, pageLoadStrategy: normal, platform: LINUX, platformName: LINUX, rotatable: false, setWindowRect: true, takesHeapSnapshot: true, takesScreenshot: true, unexpectedAlertBehaviour: , unhandledPromptBehavior: , version: 70.0.3538.67, webStorageEnabled: true}
Session ID: 668db1c9e98fa95c1da0b4d8c7f6e513">
      <![CDATA[java.lang.AssertionError: User is not able to see the upload content in the all uploads section, Exceptionelement not visible
  (Session info: chrome=70.0.3538.67)
  (Driver info: chromedriver=2.41.578700 (2f1ed5f9343c13f73144538f15c00b370eda6706),platform=Linux 4.15.0-39-generic x86_64) (WARNING: The server did not provide any stacktrace information)
Command duration or timeout: 0 milliseconds
Build info: version: '3.12.0', revision: '7c6e0b3', time: '2018-05-08T14:04:26.12Z'
System info: host: 'Qualitrix-LinuxPC', ip: '127.0.1.1', os.name: 'Linux', os.arch: 'amd64', os.version: '4.15.0-39-generic', java.version: '10.0.2'
Driver info: org.openqa.selenium.chrome.ChromeDriver
Capabilities {acceptInsecureCerts: false, acceptSslCerts: false, applicationCacheEnabled: false, browserConnectionEnabled: false, browserName: chrome, chrome: {chromedriverVersion: 2.41.578700 (2f1ed5f9343c13..., userDataDir: /tmp/.org.chromium.Chromium...}, cssSelectorsEnabled: true, databaseEnabled: false, goog:chromeOptions: {debuggerAddress: localhost:44107}, handlesAlerts: true, hasTouchScreen: false, javascriptEnabled: true, locationContextEnabled: true, mobileEmulationEnabled: false, nativeEvents: true, networkConnectionEnabled: false, pageLoadStrategy: normal, platform: LINUX, platformName: LINUX, rotatable: false, setWindowRect: true, takesHeapSnapshot: true, takesScreenshot: true, unexpectedAlertBehaviour: , unhandledPromptBehavior: , version: 70.0.3538.67, webStorageEnabled: true}
Session ID: 668db1c9e98fa95c1da0b4d8c7f6e513
	at org.pageobjects.ContentCreateUploadPageObj.alluploads(ContentCreateUploadPageObj.java:1040)
	at org.testscript.RejectTheContent.rejectTheContent(RejectTheContent.java:30)
... Removed 26 stack frames]]>
    </failure>
  </testcase> <!-- rejectTheContent -->
  <testcase classname="org.testscript.regression.VerifyReviewerRequestChangesTheBook" name="verifyReviewerRequestChangesTheBook" time="95.398">
    <failure type="java.lang.AssertionError" message="Could not Navigate to up for Review page and could not display latest content, ExceptionExpected condition failed: waiting for visibility of Proxy element for: DefaultElementLocator &amp;apos;By.xpath: //img[@class=&amp;apos;ui tiny image UpReviewTinyImage&amp;apos;]/..//div[@class=&amp;apos;UpReviewHeader&amp;apos;]&amp;apos; (tried for 60 second(s) with 500 milliseconds interval)">
      <![CDATA[java.lang.AssertionError: Could not Navigate to up for Review page and could not display latest content, ExceptionExpected condition failed: waiting for visibility of Proxy element for: DefaultElementLocator 'By.xpath: //img[@class='ui tiny image UpReviewTinyImage']/..//div[@class='UpReviewHeader']' (tried for 60 second(s) with 500 milliseconds interval)
	at org.pageobjects.ContentCreationLessonPlanPageObj.rejectTheContent(ContentCreationLessonPlanPageObj.java:273)
	at org.testscript.regression.VerifyReviewerRequestChangesTheBook.verifyReviewerRequestChangesTheBook(VerifyReviewerRequestChangesTheBook.java:38)
... Removed 26 stack frames]]>
    </failure>
  </testcase> <!-- verifyReviewerRequestChangesTheBook -->
  <testcase classname="org.testscript.VerifyTheBookAvailableForReview" name="verifyTheBookAvailableForReview" time="142.77"/>
  <testcase classname="org.testscript.regression.VerifyAnnouncementPageContent" name="verifyAnnouncementMessage" time="21.571"/>
  <testcase classname="org.testscript.regression.VerifyAnnouncementPageContent" name="VerifyAnnouncementDetails" time="21.218"/>
  <testcase classname="org.testscript.regression.VerifyAnnouncementPageContent" name="VerifyAnnouncementCreationFields" time="28.272"/>
  <testcase classname="org.testscript.AdminCreationAndDownloadCsv" name="adminCreationAndDownloadCsv" time="59.501"/>
  <testcase classname="org.testscript.AdminCreationAndDownloadCsv" name="adminCreationAndDownloadCsv" time="57.43"/>
</testsuite> <!-- Test -->
