<?xml version="1.0" encoding="UTF-8"?>
<!-- Generated by org.testng.reporters.JUnitXMLReporter -->
<testsuite ignored="0" hostname="Qualitrix-LinuxPC" failures="1" tests="118" name="Test" time="11.675" errors="0" timestamp="30 Nov 2018 09:43:43 GMT">
  <testcase classname="org.startup.BaseTest" name="@BeforeMethod openApplication" time="0.0">
    <failure type="org.openqa.selenium.WebDriverException" message="unknown error: cannot determine loading status
from disconnected: received Inspector.detached event
  (Session info: chrome=70.0.3538.67)
  (Driver info: chromedriver=2.41.578700 (2f1ed5f9343c13f73144538f15c00b370eda6706),platform=Linux 4.15.0-39-generic x86_64) (WARNING: The server did not provide any stacktrace information)
Command duration or timeout: 0 milliseconds
Build info: version: &amp;apos;3.12.0&amp;apos;, revision: &amp;apos;7c6e0b3&amp;apos;, time: &amp;apos;2018-05-08T14:04:26.12Z&amp;apos;
System info: host: &amp;apos;Qualitrix-LinuxPC&amp;apos;, ip: &amp;apos;127.0.1.1&amp;apos;, os.name: &amp;apos;Linux&amp;apos;, os.arch: &amp;apos;amd64&amp;apos;, os.version: &amp;apos;4.15.0-39-generic&amp;apos;, java.version: &amp;apos;10.0.2&amp;apos;
Driver info: org.openqa.selenium.chrome.ChromeDriver
Capabilities {acceptInsecureCerts: false, acceptSslCerts: false, applicationCacheEnabled: false, browserConnectionEnabled: false, browserName: chrome, chrome: {chromedriverVersion: 2.41.578700 (2f1ed5f9343c13..., userDataDir: /tmp/.org.chromium.Chromium...}, cssSelectorsEnabled: true, databaseEnabled: false, goog:chromeOptions: {debuggerAddress: localhost:42993}, handlesAlerts: true, hasTouchScreen: false, javascriptEnabled: true, locationContextEnabled: true, mobileEmulationEnabled: false, nativeEvents: true, networkConnectionEnabled: false, pageLoadStrategy: normal, platform: LINUX, platformName: LINUX, rotatable: false, setWindowRect: true, takesHeapSnapshot: true, takesScreenshot: true, unexpectedAlertBehaviour: , unhandledPromptBehavior: , version: 70.0.3538.67, webStorageEnabled: true}
Session ID: 417b141d71b85ed7f0b16b4fece9b223">
      <![CDATA[org.openqa.selenium.WebDriverException: unknown error: cannot determine loading status
from disconnected: received Inspector.detached event
  (Session info: chrome=70.0.3538.67)
  (Driver info: chromedriver=2.41.578700 (2f1ed5f9343c13f73144538f15c00b370eda6706),platform=Linux 4.15.0-39-generic x86_64) (WARNING: The server did not provide any stacktrace information)
Command duration or timeout: 0 milliseconds
Build info: version: '3.12.0', revision: '7c6e0b3', time: '2018-05-08T14:04:26.12Z'
System info: host: 'Qualitrix-LinuxPC', ip: '127.0.1.1', os.name: 'Linux', os.arch: 'amd64', os.version: '4.15.0-39-generic', java.version: '10.0.2'
Driver info: org.openqa.selenium.chrome.ChromeDriver
Capabilities {acceptInsecureCerts: false, acceptSslCerts: false, applicationCacheEnabled: false, browserConnectionEnabled: false, browserName: chrome, chrome: {chromedriverVersion: 2.41.578700 (2f1ed5f9343c13..., userDataDir: /tmp/.org.chromium.Chromium...}, cssSelectorsEnabled: true, databaseEnabled: false, goog:chromeOptions: {debuggerAddress: localhost:42993}, handlesAlerts: true, hasTouchScreen: false, javascriptEnabled: true, locationContextEnabled: true, mobileEmulationEnabled: false, nativeEvents: true, networkConnectionEnabled: false, pageLoadStrategy: normal, platform: LINUX, platformName: LINUX, rotatable: false, setWindowRect: true, takesHeapSnapshot: true, takesScreenshot: true, unexpectedAlertBehaviour: , unhandledPromptBehavior: , version: 70.0.3538.67, webStorageEnabled: true}
Session ID: 417b141d71b85ed7f0b16b4fece9b223
	at org.openqa.selenium.remote.ErrorHandler.createThrowable(ErrorHandler.java:214)
	at org.openqa.selenium.remote.ErrorHandler.throwIfResponseFailed(ErrorHandler.java:166)
	at org.openqa.selenium.remote.http.JsonHttpResponseCodec.reconstructValue(JsonHttpResponseCodec.java:40)
	at org.openqa.selenium.remote.http.AbstractHttpResponseCodec.decode(AbstractHttpResponseCodec.java:80)
	at org.openqa.selenium.remote.http.AbstractHttpResponseCodec.decode(AbstractHttpResponseCodec.java:44)
	at org.openqa.selenium.remote.HttpCommandExecutor.execute(HttpCommandExecutor.java:158)
	at org.openqa.selenium.remote.service.DriverCommandExecutor.execute(DriverCommandExecutor.java:83)
	at org.openqa.selenium.remote.RemoteWebDriver.execute(RemoteWebDriver.java:543)
	at org.openqa.selenium.remote.RemoteWebDriver.get(RemoteWebDriver.java:271)
	at org.startup.BaseTest.openApplication(BaseTest.java:32)
... Removed 31 stack frames]]>
    </failure>
  </testcase> <!-- @BeforeMethod openApplication -->
  <testcase classname="org.startup.BaseTest" name="@AfterMethod closeApplication" time="0.0">
    <skipped/>
  </testcase> <!-- @AfterMethod closeApplication -->
  <testcase classname="org.startup.BaseTest" name="@BeforeMethod openApplication" time="0.0">
    <skipped/>
  </testcase> <!-- @BeforeMethod openApplication -->
  <testcase classname="org.startup.BaseTest" name="@AfterMethod closeApplication" time="0.0">
    <skipped/>
  </testcase> <!-- @AfterMethod closeApplication -->
  <testcase classname="org.startup.BaseTest" name="@BeforeMethod openApplication" time="0.0">
    <skipped/>
  </testcase> <!-- @BeforeMethod openApplication -->
  <testcase classname="org.startup.BaseTest" name="@AfterMethod closeApplication" time="0.0">
    <skipped/>
  </testcase> <!-- @AfterMethod closeApplication -->
  <testcase classname="org.startup.BaseTest" name="@BeforeMethod openApplication" time="0.0">
    <skipped/>
  </testcase> <!-- @BeforeMethod openApplication -->
  <testcase classname="org.startup.BaseTest" name="@AfterMethod closeApplication" time="0.0">
    <skipped/>
  </testcase> <!-- @AfterMethod closeApplication -->
  <testcase classname="org.startup.BaseTest" name="@BeforeMethod openApplication" time="0.0">
    <skipped/>
  </testcase> <!-- @BeforeMethod openApplication -->
  <testcase classname="org.startup.BaseTest" name="@AfterMethod closeApplication" time="0.0">
    <skipped/>
  </testcase> <!-- @AfterMethod closeApplication -->
  <testcase classname="org.startup.BaseTest" name="@BeforeMethod openApplication" time="0.0">
    <skipped/>
  </testcase> <!-- @BeforeMethod openApplication -->
  <testcase classname="org.startup.BaseTest" name="@AfterMethod closeApplication" time="0.0">
    <skipped/>
  </testcase> <!-- @AfterMethod closeApplication -->
  <testcase classname="org.startup.BaseTest" name="@BeforeMethod openApplication" time="0.0">
    <skipped/>
  </testcase> <!-- @BeforeMethod openApplication -->
  <testcase classname="org.startup.BaseTest" name="@AfterMethod closeApplication" time="0.0">
    <skipped/>
  </testcase> <!-- @AfterMethod closeApplication -->
  <testcase classname="org.startup.BaseTest" name="@BeforeMethod openApplication" time="0.0">
    <skipped/>
  </testcase> <!-- @BeforeMethod openApplication -->
  <testcase classname="org.startup.BaseTest" name="@AfterMethod closeApplication" time="0.0">
    <skipped/>
  </testcase> <!-- @AfterMethod closeApplication -->
  <testcase classname="org.startup.BaseTest" name="@BeforeMethod openApplication" time="0.0">
    <skipped/>
  </testcase> <!-- @BeforeMethod openApplication -->
  <testcase classname="org.startup.BaseTest" name="@AfterMethod closeApplication" time="0.0">
    <skipped/>
  </testcase> <!-- @AfterMethod closeApplication -->
  <testcase classname="org.startup.BaseTest" name="@BeforeMethod openApplication" time="0.0">
    <skipped/>
  </testcase> <!-- @BeforeMethod openApplication -->
  <testcase classname="org.startup.BaseTest" name="@AfterMethod closeApplication" time="0.0">
    <skipped/>
  </testcase> <!-- @AfterMethod closeApplication -->
  <testcase classname="org.startup.BaseTest" name="@BeforeMethod openApplication" time="0.0">
    <skipped/>
  </testcase> <!-- @BeforeMethod openApplication -->
  <testcase classname="org.startup.BaseTest" name="@AfterMethod closeApplication" time="0.0">
    <skipped/>
  </testcase> <!-- @AfterMethod closeApplication -->
  <testcase classname="org.startup.BaseTest" name="@BeforeMethod openApplication" time="0.0">
    <skipped/>
  </testcase> <!-- @BeforeMethod openApplication -->
  <testcase classname="org.startup.BaseTest" name="@AfterMethod closeApplication" time="0.0">
    <skipped/>
  </testcase> <!-- @AfterMethod closeApplication -->
  <testcase classname="org.startup.BaseTest" name="@BeforeMethod openApplication" time="0.0">
    <skipped/>
  </testcase> <!-- @BeforeMethod openApplication -->
  <testcase classname="org.startup.BaseTest" name="@AfterMethod closeApplication" time="0.0">
    <skipped/>
  </testcase> <!-- @AfterMethod closeApplication -->
  <testcase classname="org.startup.BaseTest" name="@BeforeMethod openApplication" time="0.0">
    <skipped/>
  </testcase> <!-- @BeforeMethod openApplication -->
  <testcase classname="org.startup.BaseTest" name="@AfterMethod closeApplication" time="0.0">
    <skipped/>
  </testcase> <!-- @AfterMethod closeApplication -->
  <testcase classname="org.startup.BaseTest" name="@BeforeMethod openApplication" time="0.0">
    <skipped/>
  </testcase> <!-- @BeforeMethod openApplication -->
  <testcase classname="org.startup.BaseTest" name="@AfterMethod closeApplication" time="0.0">
    <skipped/>
  </testcase> <!-- @AfterMethod closeApplication -->
  <testcase classname="org.startup.BaseTest" name="@BeforeMethod openApplication" time="0.0">
    <skipped/>
  </testcase> <!-- @BeforeMethod openApplication -->
  <testcase classname="org.startup.BaseTest" name="@AfterMethod closeApplication" time="0.0">
    <skipped/>
  </testcase> <!-- @AfterMethod closeApplication -->
  <testcase classname="org.startup.BaseTest" name="@BeforeMethod openApplication" time="0.0">
    <skipped/>
  </testcase> <!-- @BeforeMethod openApplication -->
  <testcase classname="org.startup.BaseTest" name="@AfterMethod closeApplication" time="0.0">
    <skipped/>
  </testcase> <!-- @AfterMethod closeApplication -->
  <testcase classname="org.startup.BaseTest" name="@BeforeMethod openApplication" time="0.0">
    <skipped/>
  </testcase> <!-- @BeforeMethod openApplication -->
  <testcase classname="org.startup.BaseTest" name="@AfterMethod closeApplication" time="0.0">
    <skipped/>
  </testcase> <!-- @AfterMethod closeApplication -->
  <testcase classname="org.startup.BaseTest" name="@BeforeMethod openApplication" time="0.0">
    <skipped/>
  </testcase> <!-- @BeforeMethod openApplication -->
  <testcase classname="org.startup.BaseTest" name="@AfterMethod closeApplication" time="0.0">
    <skipped/>
  </testcase> <!-- @AfterMethod closeApplication -->
  <testcase classname="org.startup.BaseTest" name="@BeforeMethod openApplication" time="0.0">
    <skipped/>
  </testcase> <!-- @BeforeMethod openApplication -->
  <testcase classname="org.startup.BaseTest" name="@AfterMethod closeApplication" time="0.0">
    <skipped/>
  </testcase> <!-- @AfterMethod closeApplication -->
  <testcase classname="org.startup.BaseTest" name="@BeforeMethod openApplication" time="0.0">
    <skipped/>
  </testcase> <!-- @BeforeMethod openApplication -->
  <testcase classname="org.startup.BaseTest" name="@AfterMethod closeApplication" time="0.0">
    <skipped/>
  </testcase> <!-- @AfterMethod closeApplication -->
  <testcase classname="org.startup.BaseTest" name="@BeforeMethod openApplication" time="0.0">
    <skipped/>
  </testcase> <!-- @BeforeMethod openApplication -->
  <testcase classname="org.startup.BaseTest" name="@AfterMethod closeApplication" time="0.0">
    <skipped/>
  </testcase> <!-- @AfterMethod closeApplication -->
  <testcase classname="org.startup.BaseTest" name="@BeforeMethod openApplication" time="0.0">
    <skipped/>
  </testcase> <!-- @BeforeMethod openApplication -->
  <testcase classname="org.startup.BaseTest" name="@AfterMethod closeApplication" time="0.0">
    <skipped/>
  </testcase> <!-- @AfterMethod closeApplication -->
  <testcase classname="org.startup.BaseTest" name="@BeforeMethod openApplication" time="0.0">
    <skipped/>
  </testcase> <!-- @BeforeMethod openApplication -->
  <testcase classname="org.startup.BaseTest" name="@AfterMethod closeApplication" time="0.0">
    <skipped/>
  </testcase> <!-- @AfterMethod closeApplication -->
  <testcase classname="org.startup.BaseTest" name="@BeforeMethod openApplication" time="0.0">
    <skipped/>
  </testcase> <!-- @BeforeMethod openApplication -->
  <testcase classname="org.startup.BaseTest" name="@AfterMethod closeApplication" time="0.0">
    <skipped/>
  </testcase> <!-- @AfterMethod closeApplication -->
  <testcase classname="org.startup.BaseTest" name="@BeforeMethod openApplication" time="0.0">
    <skipped/>
  </testcase> <!-- @BeforeMethod openApplication -->
  <testcase classname="org.startup.BaseTest" name="@AfterMethod closeApplication" time="0.0">
    <skipped/>
  </testcase> <!-- @AfterMethod closeApplication -->
  <testcase classname="org.startup.BaseTest" name="@BeforeMethod openApplication" time="0.0">
    <skipped/>
  </testcase> <!-- @BeforeMethod openApplication -->
  <testcase classname="org.startup.BaseTest" name="@AfterMethod closeApplication" time="0.0">
    <skipped/>
  </testcase> <!-- @AfterMethod closeApplication -->
  <testcase classname="org.startup.BaseTest" name="@BeforeMethod openApplication" time="0.0">
    <skipped/>
  </testcase> <!-- @BeforeMethod openApplication -->
  <testcase classname="org.startup.BaseTest" name="@AfterMethod closeApplication" time="0.0">
    <skipped/>
  </testcase> <!-- @AfterMethod closeApplication -->
  <testcase classname="org.startup.BaseTest" name="@BeforeMethod openApplication" time="0.0">
    <skipped/>
  </testcase> <!-- @BeforeMethod openApplication -->
  <testcase classname="org.startup.BaseTest" name="@AfterMethod closeApplication" time="0.0">
    <skipped/>
  </testcase> <!-- @AfterMethod closeApplication -->
  <testcase classname="org.startup.BaseTest" name="@BeforeMethod openApplication" time="0.0">
    <skipped/>
  </testcase> <!-- @BeforeMethod openApplication -->
  <testcase classname="org.startup.BaseTest" name="@AfterMethod closeApplication" time="0.0">
    <skipped/>
  </testcase> <!-- @AfterMethod closeApplication -->
  <testcase classname="org.startup.BaseTest" name="@BeforeMethod openApplication" time="0.0">
    <skipped/>
  </testcase> <!-- @BeforeMethod openApplication -->
  <testcase classname="org.startup.BaseTest" name="@AfterMethod closeApplication" time="0.0">
    <skipped/>
  </testcase> <!-- @AfterMethod closeApplication -->
  <testcase classname="org.startup.BaseTest" name="@BeforeMethod openApplication" time="0.0">
    <skipped/>
  </testcase> <!-- @BeforeMethod openApplication -->
  <testcase classname="org.startup.BaseTest" name="@AfterMethod closeApplication" time="0.0">
    <skipped/>
  </testcase> <!-- @AfterMethod closeApplication -->
  <testcase classname="org.startup.BaseTest" name="@BeforeMethod openApplication" time="0.0">
    <skipped/>
  </testcase> <!-- @BeforeMethod openApplication -->
  <testcase classname="org.startup.BaseTest" name="@AfterMethod closeApplication" time="0.0">
    <skipped/>
  </testcase> <!-- @AfterMethod closeApplication -->
  <testcase classname="org.startup.BaseTest" name="@BeforeMethod openApplication" time="0.0">
    <skipped/>
  </testcase> <!-- @BeforeMethod openApplication -->
  <testcase classname="org.startup.BaseTest" name="@AfterMethod closeApplication" time="0.0">
    <skipped/>
  </testcase> <!-- @AfterMethod closeApplication -->
  <testcase classname="org.startup.BaseTest" name="@BeforeMethod openApplication" time="0.0">
    <skipped/>
  </testcase> <!-- @BeforeMethod openApplication -->
  <testcase classname="org.startup.BaseTest" name="@AfterMethod closeApplication" time="0.0">
    <skipped/>
  </testcase> <!-- @AfterMethod closeApplication -->
  <testcase classname="org.startup.BaseTest" name="@BeforeMethod openApplication" time="0.0">
    <skipped/>
  </testcase> <!-- @BeforeMethod openApplication -->
  <testcase classname="org.startup.BaseTest" name="@AfterMethod closeApplication" time="0.0">
    <skipped/>
  </testcase> <!-- @AfterMethod closeApplication -->
  <testcase classname="org.startup.BaseTest" name="@BeforeMethod openApplication" time="0.0">
    <skipped/>
  </testcase> <!-- @BeforeMethod openApplication -->
  <testcase classname="org.startup.BaseTest" name="@AfterMethod closeApplication" time="0.0">
    <skipped/>
  </testcase> <!-- @AfterMethod closeApplication -->
  <testcase classname="org.startup.BaseTest" name="@BeforeMethod openApplication" time="0.0">
    <skipped/>
  </testcase> <!-- @BeforeMethod openApplication -->
  <testcase classname="org.startup.BaseTest" name="@AfterMethod closeApplication" time="0.0">
    <skipped/>
  </testcase> <!-- @AfterMethod closeApplication -->
  <testcase classname="org.startup.BaseTest" name="@BeforeMethod openApplication" time="0.0">
    <skipped/>
  </testcase> <!-- @BeforeMethod openApplication -->
  <testcase classname="org.startup.BaseTest" name="@AfterMethod closeApplication" time="0.0">
    <skipped/>
  </testcase> <!-- @AfterMethod closeApplication -->
  <testcase classname="org.startup.BaseTest" name="@BeforeMethod openApplication" time="0.0">
    <skipped/>
  </testcase> <!-- @BeforeMethod openApplication -->
  <testcase classname="org.startup.BaseTest" name="@AfterMethod closeApplication" time="0.0">
    <skipped/>
  </testcase> <!-- @AfterMethod closeApplication -->
  <testcase classname="org.startup.BaseTest" name="@BeforeMethod openApplication" time="0.0">
    <skipped/>
  </testcase> <!-- @BeforeMethod openApplication -->
  <testcase classname="org.startup.BaseTest" name="@AfterMethod closeApplication" time="0.0">
    <skipped/>
  </testcase> <!-- @AfterMethod closeApplication -->
  <testcase classname="org.startup.BaseTest" name="@BeforeMethod openApplication" time="0.0">
    <skipped/>
  </testcase> <!-- @BeforeMethod openApplication -->
  <testcase classname="org.startup.BaseTest" name="@AfterMethod closeApplication" time="0.0">
    <skipped/>
  </testcase> <!-- @AfterMethod closeApplication -->
  <testcase classname="org.startup.BaseTest" name="@BeforeMethod openApplication" time="0.0">
    <skipped/>
  </testcase> <!-- @BeforeMethod openApplication -->
  <testcase classname="org.startup.BaseTest" name="@AfterMethod closeApplication" time="0.0">
    <skipped/>
  </testcase> <!-- @AfterMethod closeApplication -->
  <testcase classname="org.startup.BaseTest" name="@BeforeMethod openApplication" time="0.0">
    <skipped/>
  </testcase> <!-- @BeforeMethod openApplication -->
  <testcase classname="org.startup.BaseTest" name="@AfterMethod closeApplication" time="0.0">
    <skipped/>
  </testcase> <!-- @AfterMethod closeApplication -->
  <testcase classname="org.startup.BaseTest" name="@BeforeMethod openApplication" time="0.0">
    <skipped/>
  </testcase> <!-- @BeforeMethod openApplication -->
  <testcase classname="org.startup.BaseTest" name="@AfterMethod closeApplication" time="0.0">
    <skipped/>
  </testcase> <!-- @AfterMethod closeApplication -->
  <testcase classname="org.startup.BaseTest" name="@BeforeMethod openApplication" time="0.0">
    <skipped/>
  </testcase> <!-- @BeforeMethod openApplication -->
  <testcase classname="org.startup.BaseTest" name="@AfterMethod closeApplication" time="0.0">
    <skipped/>
  </testcase> <!-- @AfterMethod closeApplication -->
  <testcase classname="org.startup.BaseTest" name="@BeforeMethod openApplication" time="0.0">
    <skipped/>
  </testcase> <!-- @BeforeMethod openApplication -->
  <testcase classname="org.startup.BaseTest" name="@AfterMethod closeApplication" time="0.0">
    <skipped/>
  </testcase> <!-- @AfterMethod closeApplication -->
  <testcase classname="org.startup.BaseTest" name="@BeforeMethod openApplication" time="0.0">
    <skipped/>
  </testcase> <!-- @BeforeMethod openApplication -->
  <testcase classname="org.startup.BaseTest" name="@AfterMethod closeApplication" time="0.0">
    <skipped/>
  </testcase> <!-- @AfterMethod closeApplication -->
  <testcase classname="org.startup.BaseTest" name="@BeforeMethod openApplication" time="0.0">
    <skipped/>
  </testcase> <!-- @BeforeMethod openApplication -->
  <testcase classname="org.startup.BaseTest" name="@AfterMethod closeApplication" time="0.0">
    <skipped/>
  </testcase> <!-- @AfterMethod closeApplication -->
  <testcase classname="org.startup.BaseTest" name="@BeforeMethod openApplication" time="0.0">
    <skipped/>
  </testcase> <!-- @BeforeMethod openApplication -->
  <testcase classname="org.startup.BaseTest" name="@AfterMethod closeApplication" time="0.0">
    <skipped/>
  </testcase> <!-- @AfterMethod closeApplication -->
  <testcase classname="org.startup.BaseTest" name="@BeforeMethod openApplication" time="0.0">
    <skipped/>
  </testcase> <!-- @BeforeMethod openApplication -->
  <testcase classname="org.startup.BaseTest" name="@AfterMethod closeApplication" time="0.0">
    <skipped/>
  </testcase> <!-- @AfterMethod closeApplication -->
  <testcase classname="org.startup.BaseTest" name="@BeforeMethod openApplication" time="0.0">
    <skipped/>
  </testcase> <!-- @BeforeMethod openApplication -->
  <testcase classname="org.startup.BaseTest" name="@AfterMethod closeApplication" time="0.0">
    <skipped/>
  </testcase> <!-- @AfterMethod closeApplication -->
  <testcase classname="org.startup.BaseTest" name="@BeforeMethod openApplication" time="0.0">
    <skipped/>
  </testcase> <!-- @BeforeMethod openApplication -->
  <testcase classname="org.startup.BaseTest" name="@AfterMethod closeApplication" time="0.0">
    <skipped/>
  </testcase> <!-- @AfterMethod closeApplication -->
  <testcase classname="org.startup.BaseTest" name="@BeforeMethod openApplication" time="0.0">
    <skipped/>
  </testcase> <!-- @BeforeMethod openApplication -->
  <testcase classname="org.startup.BaseTest" name="@AfterMethod closeApplication" time="0.0">
    <skipped/>
  </testcase> <!-- @AfterMethod closeApplication -->
  <testcase classname="org.startup.BaseTest" name="@BeforeMethod openApplication" time="0.0">
    <skipped/>
  </testcase> <!-- @BeforeMethod openApplication -->
  <testcase classname="org.startup.BaseTest" name="@AfterMethod closeApplication" time="0.0">
    <skipped/>
  </testcase> <!-- @AfterMethod closeApplication -->
  <testcase classname="org.startup.BaseTest" name="@BeforeMethod openApplication" time="0.0">
    <skipped/>
  </testcase> <!-- @BeforeMethod openApplication -->
  <testcase classname="org.startup.BaseTest" name="@AfterMethod closeApplication" time="0.0">
    <skipped/>
  </testcase> <!-- @AfterMethod closeApplication -->
  <testcase classname="org.startup.BaseTest" name="@BeforeMethod openApplication" time="0.0">
    <skipped/>
  </testcase> <!-- @BeforeMethod openApplication -->
  <testcase classname="org.startup.BaseTest" name="@AfterMethod closeApplication" time="0.0">
    <skipped/>
  </testcase> <!-- @AfterMethod closeApplication -->
  <testcase classname="org.startup.BaseTest" name="@BeforeMethod openApplication" time="0.0">
    <skipped/>
  </testcase> <!-- @BeforeMethod openApplication -->
  <testcase classname="org.startup.BaseTest" name="@AfterMethod closeApplication" time="0.0">
    <skipped/>
  </testcase> <!-- @AfterMethod closeApplication -->
  <testcase classname="org.startup.BaseTest" name="@BeforeMethod openApplication" time="0.0">
    <skipped/>
  </testcase> <!-- @BeforeMethod openApplication -->
  <testcase classname="org.startup.BaseTest" name="@AfterMethod closeApplication" time="0.0">
    <skipped/>
  </testcase> <!-- @AfterMethod closeApplication -->
  <testcase classname="org.startup.BaseTest" name="@BeforeMethod openApplication" time="0.0">
    <skipped/>
  </testcase> <!-- @BeforeMethod openApplication -->
  <testcase classname="org.startup.BaseTest" name="@AfterMethod closeApplication" time="0.0">
    <skipped/>
  </testcase> <!-- @AfterMethod closeApplication -->
  <testcase classname="org.startup.BaseTest" name="@BeforeMethod openApplication" time="0.0">
    <skipped/>
  </testcase> <!-- @BeforeMethod openApplication -->
  <testcase classname="org.startup.BaseTest" name="@AfterMethod closeApplication" time="0.0">
    <skipped/>
  </testcase> <!-- @AfterMethod closeApplication -->
  <testcase classname="org.startup.BaseTest" name="@BeforeMethod openApplication" time="0.0">
    <skipped/>
  </testcase> <!-- @BeforeMethod openApplication -->
  <testcase classname="org.startup.BaseTest" name="@AfterMethod closeApplication" time="0.0">
    <skipped/>
  </testcase> <!-- @AfterMethod closeApplication -->
  <testcase classname="org.startup.BaseTest" name="@BeforeMethod openApplication" time="0.0">
    <skipped/>
  </testcase> <!-- @BeforeMethod openApplication -->
  <testcase classname="org.startup.BaseTest" name="@AfterMethod closeApplication" time="0.0">
    <skipped/>
  </testcase> <!-- @AfterMethod closeApplication -->
  <testcase classname="org.startup.BaseTest" name="@BeforeMethod openApplication" time="0.0">
    <skipped/>
  </testcase> <!-- @BeforeMethod openApplication -->
  <testcase classname="org.startup.BaseTest" name="@AfterMethod closeApplication" time="0.0">
    <skipped/>
  </testcase> <!-- @AfterMethod closeApplication -->
  <testcase classname="org.startup.BaseTest" name="@BeforeMethod openApplication" time="0.0">
    <skipped/>
  </testcase> <!-- @BeforeMethod openApplication -->
  <testcase classname="org.startup.BaseTest" name="@AfterMethod closeApplication" time="0.0">
    <skipped/>
  </testcase> <!-- @AfterMethod closeApplication -->
  <testcase classname="org.startup.BaseTest" name="@BeforeMethod openApplication" time="0.0">
    <skipped/>
  </testcase> <!-- @BeforeMethod openApplication -->
  <testcase classname="org.startup.BaseTest" name="@AfterMethod closeApplication" time="0.0">
    <skipped/>
  </testcase> <!-- @AfterMethod closeApplication -->
  <testcase classname="org.startup.BaseTest" name="@BeforeMethod openApplication" time="0.0">
    <skipped/>
  </testcase> <!-- @BeforeMethod openApplication -->
  <testcase classname="org.startup.BaseTest" name="@AfterMethod closeApplication" time="0.0">
    <skipped/>
  </testcase> <!-- @AfterMethod closeApplication -->
  <testcase classname="org.startup.BaseTest" name="@BeforeMethod openApplication" time="0.0">
    <skipped/>
  </testcase> <!-- @BeforeMethod openApplication -->
  <testcase classname="org.startup.BaseTest" name="@AfterMethod closeApplication" time="0.0">
    <skipped/>
  </testcase> <!-- @AfterMethod closeApplication -->
  <testcase classname="org.startup.BaseTest" name="@BeforeMethod openApplication" time="0.0">
    <skipped/>
  </testcase> <!-- @BeforeMethod openApplication -->
  <testcase classname="org.startup.BaseTest" name="@AfterMethod closeApplication" time="0.0">
    <skipped/>
  </testcase> <!-- @AfterMethod closeApplication -->
  <testcase classname="org.startup.BaseTest" name="@BeforeMethod openApplication" time="0.0">
    <skipped/>
  </testcase> <!-- @BeforeMethod openApplication -->
  <testcase classname="org.startup.BaseTest" name="@AfterMethod closeApplication" time="0.0">
    <skipped/>
  </testcase> <!-- @AfterMethod closeApplication -->
  <testcase classname="org.startup.BaseTest" name="@BeforeMethod openApplication" time="0.0">
    <skipped/>
  </testcase> <!-- @BeforeMethod openApplication -->
  <testcase classname="org.startup.BaseTest" name="@AfterMethod closeApplication" time="0.0">
    <skipped/>
  </testcase> <!-- @AfterMethod closeApplication -->
  <testcase classname="org.startup.BaseTest" name="@BeforeMethod openApplication" time="0.0">
    <skipped/>
  </testcase> <!-- @BeforeMethod openApplication -->
  <testcase classname="org.startup.BaseTest" name="@AfterMethod closeApplication" time="0.0">
    <skipped/>
  </testcase> <!-- @AfterMethod closeApplication -->
  <testcase classname="org.startup.BaseTest" name="@BeforeMethod openApplication" time="0.0">
    <skipped/>
  </testcase> <!-- @BeforeMethod openApplication -->
  <testcase classname="org.startup.BaseTest" name="@AfterMethod closeApplication" time="0.0">
    <skipped/>
  </testcase> <!-- @AfterMethod closeApplication -->
  <testcase classname="org.startup.BaseTest" name="@BeforeMethod openApplication" time="0.0">
    <skipped/>
  </testcase> <!-- @BeforeMethod openApplication -->
  <testcase classname="org.startup.BaseTest" name="@AfterMethod closeApplication" time="0.0">
    <skipped/>
  </testcase> <!-- @AfterMethod closeApplication -->
  <testcase classname="org.startup.BaseTest" name="@BeforeMethod openApplication" time="0.0">
    <skipped/>
  </testcase> <!-- @BeforeMethod openApplication -->
  <testcase classname="org.startup.BaseTest" name="@AfterMethod closeApplication" time="0.0">
    <skipped/>
  </testcase> <!-- @AfterMethod closeApplication -->
  <testcase classname="org.startup.BaseTest" name="@BeforeMethod openApplication" time="0.0">
    <skipped/>
  </testcase> <!-- @BeforeMethod openApplication -->
  <testcase classname="org.startup.BaseTest" name="@AfterMethod closeApplication" time="0.0">
    <skipped/>
  </testcase> <!-- @AfterMethod closeApplication -->
  <testcase classname="org.startup.BaseTest" name="@BeforeMethod openApplication" time="0.0">
    <skipped/>
  </testcase> <!-- @BeforeMethod openApplication -->
  <testcase classname="org.startup.BaseTest" name="@AfterMethod closeApplication" time="0.0">
    <skipped/>
  </testcase> <!-- @AfterMethod closeApplication -->
  <testcase classname="org.startup.BaseTest" name="@BeforeMethod openApplication" time="0.0">
    <skipped/>
  </testcase> <!-- @BeforeMethod openApplication -->
  <testcase classname="org.startup.BaseTest" name="@AfterMethod closeApplication" time="0.0">
    <skipped/>
  </testcase> <!-- @AfterMethod closeApplication -->
  <testcase classname="org.startup.BaseTest" name="@BeforeMethod openApplication" time="0.0">
    <skipped/>
  </testcase> <!-- @BeforeMethod openApplication -->
  <testcase classname="org.startup.BaseTest" name="@AfterMethod closeApplication" time="0.0">
    <skipped/>
  </testcase> <!-- @AfterMethod closeApplication -->
  <testcase classname="org.startup.BaseTest" name="@BeforeMethod openApplication" time="0.0">
    <skipped/>
  </testcase> <!-- @BeforeMethod openApplication -->
  <testcase classname="org.startup.BaseTest" name="@AfterMethod closeApplication" time="0.0">
    <skipped/>
  </testcase> <!-- @AfterMethod closeApplication -->
  <testcase classname="org.startup.BaseTest" name="@BeforeMethod openApplication" time="0.0">
    <skipped/>
  </testcase> <!-- @BeforeMethod openApplication -->
  <testcase classname="org.startup.BaseTest" name="@AfterMethod closeApplication" time="0.0">
    <skipped/>
  </testcase> <!-- @AfterMethod closeApplication -->
  <testcase classname="org.startup.BaseTest" name="@BeforeMethod openApplication" time="0.0">
    <skipped/>
  </testcase> <!-- @BeforeMethod openApplication -->
  <testcase classname="org.startup.BaseTest" name="@AfterMethod closeApplication" time="0.0">
    <skipped/>
  </testcase> <!-- @AfterMethod closeApplication -->
  <testcase classname="org.startup.BaseTest" name="@BeforeMethod openApplication" time="0.0">
    <skipped/>
  </testcase> <!-- @BeforeMethod openApplication -->
  <testcase classname="org.startup.BaseTest" name="@AfterMethod closeApplication" time="0.0">
    <skipped/>
  </testcase> <!-- @AfterMethod closeApplication -->
  <testcase classname="org.startup.BaseTest" name="@BeforeMethod openApplication" time="0.0">
    <skipped/>
  </testcase> <!-- @BeforeMethod openApplication -->
  <testcase classname="org.startup.BaseTest" name="@AfterMethod closeApplication" time="0.0">
    <skipped/>
  </testcase> <!-- @AfterMethod closeApplication -->
  <testcase classname="org.startup.BaseTest" name="@BeforeMethod openApplication" time="0.0">
    <skipped/>
  </testcase> <!-- @BeforeMethod openApplication -->
  <testcase classname="org.startup.BaseTest" name="@AfterMethod closeApplication" time="0.0">
    <skipped/>
  </testcase> <!-- @AfterMethod closeApplication -->
  <testcase classname="org.startup.BaseTest" name="@BeforeMethod openApplication" time="0.0">
    <skipped/>
  </testcase> <!-- @BeforeMethod openApplication -->
  <testcase classname="org.startup.BaseTest" name="@AfterMethod closeApplication" time="0.0">
    <skipped/>
  </testcase> <!-- @AfterMethod closeApplication -->
  <testcase classname="org.startup.BaseTest" name="@BeforeMethod openApplication" time="0.0">
    <skipped/>
  </testcase> <!-- @BeforeMethod openApplication -->
  <testcase classname="org.startup.BaseTest" name="@AfterMethod closeApplication" time="0.0">
    <skipped/>
  </testcase> <!-- @AfterMethod closeApplication -->
  <testcase classname="org.startup.BaseTest" name="@BeforeMethod openApplication" time="0.0">
    <skipped/>
  </testcase> <!-- @BeforeMethod openApplication -->
  <testcase classname="org.startup.BaseTest" name="@AfterMethod closeApplication" time="0.0">
    <skipped/>
  </testcase> <!-- @AfterMethod closeApplication -->
  <testcase classname="org.startup.BaseTest" name="@BeforeMethod openApplication" time="0.0">
    <skipped/>
  </testcase> <!-- @BeforeMethod openApplication -->
  <testcase classname="org.startup.BaseTest" name="@AfterMethod closeApplication" time="0.0">
    <skipped/>
  </testcase> <!-- @AfterMethod closeApplication -->
  <testcase classname="org.startup.BaseTest" name="@BeforeMethod openApplication" time="0.0">
    <skipped/>
  </testcase> <!-- @BeforeMethod openApplication -->
  <testcase classname="org.startup.BaseTest" name="@AfterMethod closeApplication" time="0.0">
    <skipped/>
  </testcase> <!-- @AfterMethod closeApplication -->
  <testcase classname="org.startup.BaseTest" name="@BeforeMethod openApplication" time="0.0">
    <skipped/>
  </testcase> <!-- @BeforeMethod openApplication -->
  <testcase classname="org.startup.BaseTest" name="@AfterMethod closeApplication" time="0.0">
    <skipped/>
  </testcase> <!-- @AfterMethod closeApplication -->
  <testcase classname="org.startup.BaseTest" name="@BeforeMethod openApplication" time="0.0">
    <skipped/>
  </testcase> <!-- @BeforeMethod openApplication -->
  <testcase classname="org.startup.BaseTest" name="@AfterMethod closeApplication" time="0.0">
    <skipped/>
  </testcase> <!-- @AfterMethod closeApplication -->
  <testcase classname="org.startup.BaseTest" name="@BeforeMethod openApplication" time="0.0">
    <skipped/>
  </testcase> <!-- @BeforeMethod openApplication -->
  <testcase classname="org.startup.BaseTest" name="@AfterMethod closeApplication" time="0.0">
    <skipped/>
  </testcase> <!-- @AfterMethod closeApplication -->
  <testcase classname="org.startup.BaseTest" name="@BeforeMethod openApplication" time="0.0">
    <skipped/>
  </testcase> <!-- @BeforeMethod openApplication -->
  <testcase classname="org.startup.BaseTest" name="@AfterMethod closeApplication" time="0.0">
    <skipped/>
  </testcase> <!-- @AfterMethod closeApplication -->
  <testcase classname="org.startup.BaseTest" name="@BeforeMethod openApplication" time="0.0">
    <skipped/>
  </testcase> <!-- @BeforeMethod openApplication -->
  <testcase classname="org.startup.BaseTest" name="@AfterMethod closeApplication" time="0.0">
    <skipped/>
  </testcase> <!-- @AfterMethod closeApplication -->
  <testcase classname="org.startup.BaseTest" name="@BeforeMethod openApplication" time="0.0">
    <skipped/>
  </testcase> <!-- @BeforeMethod openApplication -->
  <testcase classname="org.startup.BaseTest" name="@AfterMethod closeApplication" time="0.0">
    <skipped/>
  </testcase> <!-- @AfterMethod closeApplication -->
  <testcase classname="org.startup.BaseTest" name="@BeforeMethod openApplication" time="0.0">
    <skipped/>
  </testcase> <!-- @BeforeMethod openApplication -->
  <testcase classname="org.startup.BaseTest" name="@AfterMethod closeApplication" time="0.0">
    <skipped/>
  </testcase> <!-- @AfterMethod closeApplication -->
  <testcase classname="org.startup.BaseTest" name="@BeforeMethod openApplication" time="0.0">
    <skipped/>
  </testcase> <!-- @BeforeMethod openApplication -->
  <testcase classname="org.startup.BaseTest" name="@AfterMethod closeApplication" time="0.0">
    <skipped/>
  </testcase> <!-- @AfterMethod closeApplication -->
  <testcase classname="org.startup.BaseTest" name="@BeforeMethod openApplication" time="0.0">
    <skipped/>
  </testcase> <!-- @BeforeMethod openApplication -->
  <testcase classname="org.startup.BaseTest" name="@AfterMethod closeApplication" time="0.0">
    <skipped/>
  </testcase> <!-- @AfterMethod closeApplication -->
  <testcase classname="org.startup.BaseTest" name="@BeforeMethod openApplication" time="0.0">
    <skipped/>
  </testcase> <!-- @BeforeMethod openApplication -->
  <testcase classname="org.startup.BaseTest" name="@AfterMethod closeApplication" time="0.0">
    <skipped/>
  </testcase> <!-- @AfterMethod closeApplication -->
  <testcase classname="org.startup.BaseTest" name="@BeforeMethod openApplication" time="0.0">
    <skipped/>
  </testcase> <!-- @BeforeMethod openApplication -->
  <testcase classname="org.startup.BaseTest" name="@AfterMethod closeApplication" time="0.0">
    <skipped/>
  </testcase> <!-- @AfterMethod closeApplication -->
  <testcase classname="org.startup.BaseTest" name="@BeforeMethod openApplication" time="0.0">
    <skipped/>
  </testcase> <!-- @BeforeMethod openApplication -->
  <testcase classname="org.startup.BaseTest" name="@AfterMethod closeApplication" time="0.0">
    <skipped/>
  </testcase> <!-- @AfterMethod closeApplication -->
  <testcase classname="org.startup.BaseTest" name="@BeforeMethod openApplication" time="0.0">
    <skipped/>
  </testcase> <!-- @BeforeMethod openApplication -->
  <testcase classname="org.startup.BaseTest" name="@AfterMethod closeApplication" time="0.0">
    <skipped/>
  </testcase> <!-- @AfterMethod closeApplication -->
  <testcase classname="org.startup.BaseTest" name="@BeforeMethod openApplication" time="0.0">
    <skipped/>
  </testcase> <!-- @BeforeMethod openApplication -->
  <testcase classname="org.startup.BaseTest" name="@AfterMethod closeApplication" time="0.0">
    <skipped/>
  </testcase> <!-- @AfterMethod closeApplication -->
  <testcase classname="org.startup.BaseTest" name="@BeforeMethod openApplication" time="0.0">
    <skipped/>
  </testcase> <!-- @BeforeMethod openApplication -->
  <testcase classname="org.startup.BaseTest" name="@AfterMethod closeApplication" time="0.0">
    <skipped/>
  </testcase> <!-- @AfterMethod closeApplication -->
  <testcase classname="org.startup.BaseTest" name="@BeforeMethod openApplication" time="0.0">
    <skipped/>
  </testcase> <!-- @BeforeMethod openApplication -->
  <testcase classname="org.startup.BaseTest" name="@AfterMethod closeApplication" time="0.0">
    <skipped/>
  </testcase> <!-- @AfterMethod closeApplication -->
  <testcase classname="org.startup.BaseTest" name="@BeforeMethod openApplication" time="0.0">
    <skipped/>
  </testcase> <!-- @BeforeMethod openApplication -->
  <testcase classname="org.startup.BaseTest" name="@AfterMethod closeApplication" time="0.0">
    <skipped/>
  </testcase> <!-- @AfterMethod closeApplication -->
  <testcase classname="org.startup.BaseTest" name="@BeforeMethod openApplication" time="0.0">
    <skipped/>
  </testcase> <!-- @BeforeMethod openApplication -->
  <testcase classname="org.startup.BaseTest" name="@AfterMethod closeApplication" time="0.0">
    <skipped/>
  </testcase> <!-- @AfterMethod closeApplication -->
  <testcase classname="org.startup.BaseTest" name="@BeforeMethod openApplication" time="0.0">
    <skipped/>
  </testcase> <!-- @BeforeMethod openApplication -->
  <testcase classname="org.startup.BaseTest" name="@AfterMethod closeApplication" time="0.0">
    <skipped/>
  </testcase> <!-- @AfterMethod closeApplication -->
  <testcase classname="org.startup.BaseTest" name="@BeforeMethod openApplication" time="0.0">
    <skipped/>
  </testcase> <!-- @BeforeMethod openApplication -->
  <testcase classname="org.startup.BaseTest" name="@AfterMethod closeApplication" time="0.0">
    <skipped/>
  </testcase> <!-- @AfterMethod closeApplication -->
  <testcase classname="org.startup.BaseTest" name="@BeforeMethod openApplication" time="0.0">
    <skipped/>
  </testcase> <!-- @BeforeMethod openApplication -->
  <testcase classname="org.startup.BaseTest" name="@AfterMethod closeApplication" time="0.0">
    <skipped/>
  </testcase> <!-- @AfterMethod closeApplication -->
  <testcase classname="org.startup.BaseTest" name="@BeforeMethod openApplication" time="0.0">
    <skipped/>
  </testcase> <!-- @BeforeMethod openApplication -->
  <testcase classname="org.startup.BaseTest" name="@AfterMethod closeApplication" time="0.0">
    <skipped/>
  </testcase> <!-- @AfterMethod closeApplication -->
  <testcase classname="org.startup.BaseTest" name="@BeforeMethod openApplication" time="0.0">
    <skipped/>
  </testcase> <!-- @BeforeMethod openApplication -->
  <testcase classname="org.startup.BaseTest" name="@AfterMethod closeApplication" time="0.0">
    <skipped/>
  </testcase> <!-- @AfterMethod closeApplication -->
  <testcase classname="org.startup.BaseTest" name="@BeforeMethod openApplication" time="0.0">
    <skipped/>
  </testcase> <!-- @BeforeMethod openApplication -->
  <testcase classname="org.startup.BaseTest" name="@AfterMethod closeApplication" time="0.0">
    <skipped/>
  </testcase> <!-- @AfterMethod closeApplication -->
  <testcase classname="org.startup.BaseTest" name="@BeforeMethod openApplication" time="0.0">
    <skipped/>
  </testcase> <!-- @BeforeMethod openApplication -->
  <testcase classname="org.startup.BaseTest" name="@AfterMethod closeApplication" time="0.0">
    <skipped/>
  </testcase> <!-- @AfterMethod closeApplication -->
  <testcase classname="org.startup.BaseTest" name="@BeforeMethod openApplication" time="0.0">
    <skipped/>
  </testcase> <!-- @BeforeMethod openApplication -->
  <testcase classname="org.startup.BaseTest" name="@AfterMethod closeApplication" time="0.0">
    <skipped/>
  </testcase> <!-- @AfterMethod closeApplication -->
  <testcase classname="org.startup.BaseTest" name="@BeforeMethod openApplication" time="0.0">
    <skipped/>
  </testcase> <!-- @BeforeMethod openApplication -->
  <testcase classname="org.startup.BaseTest" name="@AfterMethod closeApplication" time="0.0">
    <skipped/>
  </testcase> <!-- @AfterMethod closeApplication -->
  <testcase classname="org.testscript.ProfileInfoUpdate" name="profileInfoUpdate" time="1.164">
    <failure type="java.lang.AssertionError" message="Failed on logging In, Exception : Index 4 out-of-bounds for length 0">
      <![CDATA[java.lang.AssertionError: Failed on logging In, Exception : Index 4 out-of-bounds for length 0
	at org.pageobjects.SignUpPageObj.userLogin(SignUpPageObj.java:167)
	at org.testscript.ProfileInfoUpdate.profileInfoUpdate(ProfileInfoUpdate.java:27)
... Removed 26 stack frames]]>
    </failure>
  </testcase> <!-- profileInfoUpdate -->
  <testcase classname="org.testscript.SearchCourse" name="searchCourse" time="0.002">
    <skipped/>
  </testcase> <!-- searchCourse -->
  <testcase classname="org.testscript.CheckCourseStatAsMentor" name="checkCourseStatAsMentor" time="0.001">
    <skipped/>
  </testcase> <!-- checkCourseStatAsMentor -->
  <testcase classname="org.testscript.VerifyAppliedFilter" name="verifyAppliedFilter" time="0.001">
    <skipped/>
  </testcase> <!-- verifyAppliedFilter -->
  <testcase classname="org.testscript.EnrollToCourseInOpenBatch" name="enrollToCourseInOpenBatch" time="0.001">
    <skipped/>
  </testcase> <!-- enrollToCourseInOpenBatch -->
  <testcase classname="org.testscript.VerifyThatTopicsAreDisplayedOnMetaDataForm" name="verifyThatTopicsAreDisplayedOnMetaDataForm" time="0.001">
    <skipped/>
  </testcase> <!-- verifyThatTopicsAreDisplayedOnMetaDataForm -->
  <testcase classname="org.testscript.SearchInLibrary" name="librarySearch" time="0.001">
    <skipped/>
  </testcase> <!-- librarySearch -->
  <testcase classname="org.testscript.SearchUsers" name="searchUsers" time="0.001">
    <skipped/>
  </testcase> <!-- searchUsers -->
  <testcase classname="org.testscript.regression.SeeTheContentBasedOnAppliedFilter" name="seeTheContentBasedOnAppliedFilter" time="0.001">
    <skipped/>
  </testcase> <!-- seeTheContentBasedOnAppliedFilter -->
  <testcase classname="org.testscript.CopyContentFromLibraryAndVerify" name="verifyCopyContent_Library" time="0.001">
    <skipped/>
  </testcase> <!-- verifyCopyContent_Library -->
  <testcase classname="org.testscript.regression.QuestionTemplateFillInTheBlankCustom" name="QuestionTemplateFibCustomKeyboard" time="0.001">
    <skipped/>
  </testcase> <!-- QuestionTemplateFibCustomKeyboard -->
  <testcase classname="org.testscript.VerifyTheUploadedContent" name="verifyTheUploadedContent" time="0.001">
    <skipped/>
  </testcase> <!-- verifyTheUploadedContent -->
  <testcase classname="org.testscript.CreateVerifyAndDeleteAnnouncement" name="createVerifyAndDeleteAnnouncement" time="0.001">
    <skipped/>
  </testcase> <!-- createVerifyAndDeleteAnnouncement -->
  <testcase classname="org.testscript.VerifycopyContent" name="verifycopyContent" time="0.001">
    <skipped/>
  </testcase> <!-- verifycopyContent -->
  <testcase classname="org.testscript.CheckForDownloadButtonAvailabilityForUserInProfile" name="checkForDownloadButtonAvailabilityForUserInProfile" time="0.001">
    <skipped/>
  </testcase> <!-- checkForDownloadButtonAvailabilityForUserInProfile -->
  <testcase classname="org.testscript.CreateLessonPlanAndVerify" name="createLessonAndVerify" time="0.001">
    <skipped/>
  </testcase> <!-- createLessonAndVerify -->
  <testcase classname="org.testscript.regression.SortTheResultInUpForReview" name="workspace_upForReviewSortBy" time="0.001">
    <skipped/>
  </testcase> <!-- workspace_upForReviewSortBy -->
  <testcase classname="org.testscript.regression.CreateResourceByUploadingVideoAndActivityPlugins" name="verifyUploadingVideo_AddingActivity" time="0.001">
    <skipped/>
  </testcase> <!-- verifyUploadingVideo_AddingActivity -->
  <testcase classname="org.testscript.CheckForAuthenticUserInMentor" name="checkForAuthenticUserInMentor" time="0.0">
    <skipped/>
  </testcase> <!-- checkForAuthenticUserInMentor -->
  <testcase classname="org.testscript.VerifySaveContentInAllUploads" name="verifySaveContentInAllUploads" time="0.001">
    <skipped/>
  </testcase> <!-- verifySaveContentInAllUploads -->
  <testcase classname="org.testscript.regression.VerifyTheClosingOfContentEditor" name="contentCreator_CloseEditor" time="0.0">
    <skipped/>
  </testcase> <!-- contentCreator_CloseEditor -->
  <testcase classname="org.testscript.regression.CreateResourceWithContentsPluginsAndVerifyContentEditor" name="createResourceWithContentsPlugins_VerifyContentEditor" time="0.002">
    <skipped/>
  </testcase> <!-- createResourceWithContentsPlugins_VerifyContentEditor -->
  <testcase classname="org.testscript.regression.ContentValidationInUpForReviewSearchWithFilter" name="contentValidationInUpForReviewSearchWithFilter" time="0.002">
    <skipped/>
  </testcase> <!-- contentValidationInUpForReviewSearchWithFilter -->
  <testcase classname="org.testscript.CreateCourseAndVerify" name="creatorCourseAndVerify" time="0.0">
    <skipped/>
  </testcase> <!-- creatorCourseAndVerify -->
  <testcase classname="org.testscript.regression.VerifyFeaturesOfProfileIconAndWorkspace" name="verifyProfileIcon4Features_workspaceFeatures" time="0.0">
    <skipped/>
  </testcase> <!-- verifyProfileIcon4Features_workspaceFeatures -->
  <testcase classname="org.testscript.regression.SameUserNameIsNotAllowedWhileSignup" name="verify_SignUpFailure" time="0.001">
    <skipped/>
  </testcase> <!-- verify_SignUpFailure -->
  <testcase classname="org.testscript.regression.VerifyNavigateToGetPage" name="verify_NavigateToGetPage" time="0.002">
    <skipped/>
  </testcase> <!-- verify_NavigateToGetPage -->
  <testcase classname="org.testscript.LoginAndChangePassword" name="loginAndChangePassword" time="0.0">
    <skipped/>
  </testcase> <!-- loginAndChangePassword -->
  <testcase classname="org.testscript.regression.ReviewerRequestChangesTheBook" name="verifyReviewerRequestChnagesTheBook" time="0.001">
    <skipped/>
  </testcase> <!-- verifyReviewerRequestChnagesTheBook -->
  <testcase classname="org.testscript.VerifyLimitedSharing" name="verifyLimitedSharing" time="0.0">
    <skipped/>
  </testcase> <!-- verifyLimitedSharing -->
  <testcase classname="org.testscript.ConfirmInstructionReceivedInforgotPassword" name="confirmInstructionReceivedInforgotPassword" time="0.003">
    <skipped/>
  </testcase> <!-- confirmInstructionReceivedInforgotPassword -->
  <testcase classname="org.testscript.VerifyContentInUpForReview" name="verifyContentInUpForReview" time="0.001">
    <skipped/>
  </testcase> <!-- verifyContentInUpForReview -->
  <testcase classname="org.testscript.regression.VerifyUploadAndDownloadContent" name="verifyUploadAndDownloadContent" time="0.001">
    <skipped/>
  </testcase> <!-- verifyUploadAndDownloadContent -->
  <testcase classname="org.testscript.PublishTheContent" name="publishTheContent" time="0.0">
    <skipped/>
  </testcase> <!-- publishTheContent -->
  <testcase classname="org.testscript.regression.SavedContentUnderAllUploads" name="savedContentUnderAllUploads" time="0.001">
    <skipped/>
  </testcase> <!-- savedContentUnderAllUploads -->
  <testcase classname="org.testscript.CreateAnnouncementWithAttachment" name="createAnnouncementWithAttachment" time="0.001">
    <skipped/>
  </testcase> <!-- createAnnouncementWithAttachment -->
  <testcase classname="org.testscript.regression.AccessOnAllPagesAfterLogin" name="verify_PageAccessOnLogin" time="0.001">
    <skipped/>
  </testcase> <!-- verify_PageAccessOnLogin -->
  <testcase classname="org.testscript.regression.VerifyEditDetailsPopupAndTopicTree" name="verifyWorkspaceEditailsPage_TopicTree" time="0.001">
    <skipped/>
  </testcase> <!-- verifyWorkspaceEditailsPage_TopicTree -->
  <testcase classname="org.testscript.regression.CreateResourceByAddingAudio" name="resource_VerifyAudioUpload" time="0.0">
    <skipped/>
  </testcase> <!-- resource_VerifyAudioUpload -->
  <testcase classname="org.testscript.NavigateToAnnouncementDashboard" name="navigateToAnnouncementDashboard" time="0.001">
    <skipped/>
  </testcase> <!-- navigateToAnnouncementDashboard -->
  <testcase classname="org.testscript.regression.VerifyEditMetadataPageForCollection" name="workspaceCollection_verifyEditDetailsPage" time="0.0">
    <skipped/>
  </testcase> <!-- workspaceCollection_verifyEditDetailsPage -->
  <testcase classname="org.testscript.regression.CreateResourceByCreatingAFillInThBlanksQuestion" name="createResourceByCreatingFillInTheBlanksQuestion" time="0.001">
    <skipped/>
  </testcase> <!-- createResourceByCreatingFillInTheBlanksQuestion -->
  <testcase classname="org.testscript.ResendAnnouncementAndVerifyAsReciever" name="resendAnnouncementAndVerifyAsReciever" time="0.001">
    <skipped/>
  </testcase> <!-- resendAnnouncementAndVerifyAsReciever -->
  <testcase classname="org.testscript.ResendAnnouncement" name="resendAnnouncement" time="0.001">
    <skipped/>
  </testcase> <!-- resendAnnouncement -->
  <testcase classname="org.testscript.regression.ReviewerPublishesAndRejectsContent" name="workspace_showfilter" time="0.001">
    <skipped/>
  </testcase> <!-- workspace_showfilter -->
  <testcase classname="org.testscript.regression.NavigateToGetStartedAndExploreSunbird" name="verify_NavigateToGetStarted_ExploreSunbirdPage" time="0.001">
    <skipped/>
  </testcase> <!-- verify_NavigateToGetStarted_ExploreSunbirdPage -->
  <testcase classname="org.testscript.ResourceCreationAndPublish" name="creatorResourceAndVerify" time="0.001">
    <skipped/>
  </testcase> <!-- creatorResourceAndVerify -->
  <testcase classname="org.testscript.SearchCourseCreateInviteOnlyBatch" name="searchCourseCreateInviteOnlyBatch" time="0.001">
    <skipped/>
  </testcase> <!-- searchCourseCreateInviteOnlyBatch -->
  <testcase classname="org.testscript.CreateCollectionAndVerify" name="createCollectionAndVerify" time="0.0">
    <skipped/>
  </testcase> <!-- createCollectionAndVerify -->
  <testcase classname="org.testscript.VerifyThatTopicsAreSelectedOnMetaDataPage" name="verifyThatTopicsAreSelectedOnMetaDataPage" time="0.001">
    <skipped/>
  </testcase> <!-- verifyThatTopicsAreSelectedOnMetaDataPage -->
  <testcase classname="org.testscript.ConsumeOpenCourseByPublicUser" name="consumeOpenCourseByPublicUser" time="0.001">
    <skipped/>
  </testcase> <!-- consumeOpenCourseByPublicUser -->
  <testcase classname="org.testscript.SearchCourseUsingFilter" name="searchCourseUsingFilter" time="0.001">
    <skipped/>
  </testcase> <!-- searchCourseUsingFilter -->
  <testcase classname="org.testscript.regression.SendForReviewContentUnderReviewSubmission" name="sendForReviewContentUnderReviewSubmission" time="0.001">
    <skipped/>
  </testcase> <!-- sendForReviewContentUnderReviewSubmission -->
  <testcase classname="org.testscript.UploadContentSaveAndSendForReview" name="uploadContentSaveAndSendForReview" time="0.001">
    <skipped/>
  </testcase> <!-- uploadContentSaveAndSendForReview -->
  <testcase classname="org.testscript.CreateBookAndVerifyOnlyBooksPresent" name="createBookAndVerifyOnlyBooksPresent" time="0.001">
    <skipped/>
  </testcase> <!-- createBookAndVerifyOnlyBooksPresent -->
  <testcase classname="org.testscript.regression.RejectTheUploadedContent" name="rejectTheUploadedContent" time="0.001">
    <skipped/>
  </testcase> <!-- rejectTheUploadedContent -->
  <testcase classname="org.testscript.SearchContentWithFiltersAsReviewer" name="searchContentWithFiltersAsReviewer" time="0.001">
    <skipped/>
  </testcase> <!-- searchContentWithFiltersAsReviewer -->
  <testcase classname="org.testscript.CheckAvailabilityOfCourseForInvitedMember" name="checkAvailabilityOfCourseForInvitedMember" time="0.001">
    <skipped/>
  </testcase> <!-- checkAvailabilityOfCourseForInvitedMember -->
  <testcase classname="org.testscript.regression.LimitedSharedContentInLimitedSharingSection" name="workspace_LimitedPublishing" time="0.001">
    <skipped/>
  </testcase> <!-- workspace_LimitedPublishing -->
  <testcase classname="org.testscript.SearchOrgsAsAdmin" name="searchOrgsAsAdmin" time="0.001">
    <skipped/>
  </testcase> <!-- searchOrgsAsAdmin -->
  <testcase classname="org.testscript.SendTheCourseForReview" name="sendTheCourseForReview" time="0.001">
    <skipped/>
  </testcase> <!-- sendTheCourseForReview -->
  <testcase classname="org.testscript.ConsumeCourseByInvitedMember" name="consumeCourseByInvitedMember" time="0.0">
    <skipped/>
  </testcase> <!-- consumeCourseByInvitedMember -->
  <testcase classname="org.testscript.NavigateToMyActivityInDropdown" name="navigateToMyActivityInDropdown" time="0.001">
    <skipped/>
  </testcase> <!-- navigateToMyActivityInDropdown -->
  <testcase classname="org.testscript.regression.VerifyMyActivityLinkInProfileDropdown" name="verifyMyactivityLinkInProfileDropdown" time="0.005">
    <skipped/>
  </testcase> <!-- verifyMyactivityLinkInProfileDropdown -->
  <testcase classname="org.testscript.regression.LatestContentOnTopOfUpForReviewAndSearch" name="latestContentIsOnTopUpForReviewAndSearch" time="0.001">
    <skipped/>
  </testcase> <!-- latestContentIsOnTopUpForReviewAndSearch -->
  <testcase classname="org.testscript.SearchInLibraryUsingFilter" name="librarySearchUsingFilter" time="0.001">
    <skipped/>
  </testcase> <!-- librarySearchUsingFilter -->
  <testcase classname="org.testscript.VerifyTheSorting" name="verifyTheSorting" time="0.001">
    <skipped/>
  </testcase> <!-- verifyTheSorting -->
  <testcase classname="org.testscript.regression.VerifyPropertySectionAndPreviewSlides" name="verifyPropertySectionAndPreviewSlides" time="0.001">
    <skipped/>
  </testcase> <!-- verifyPropertySectionAndPreviewSlides -->
  <testcase classname="org.testscript.regression.CopyContentFromLibraryAndVerify" name="verifyCopyContent_Library" time="0.001">
    <skipped/>
  </testcase> <!-- verifyCopyContent_Library -->
  <testcase classname="org.testscript.CreateBookAndVerify" name="createBoookAndVerify" time="0.001">
    <skipped/>
  </testcase> <!-- createBoookAndVerify -->
  <testcase classname="org.testscript.regression.CreateResourcePublishAndDeleteFromLimitedPublising" name="characterVerificationInPreviewKeyboard" time="0.001">
    <skipped/>
  </testcase> <!-- characterVerificationInPreviewKeyboard -->
  <testcase classname="org.testscript.VerifyTheBookAvailableForReview" name="verifyTheBookAvailableForReview" time="0.001">
    <skipped/>
  </testcase> <!-- verifyTheBookAvailableForReview -->
  <testcase classname="org.testscript.UpdateBatchAsInvitedMentor" name="updateBatchAsInvitedMentor" time="0.0">
    <skipped/>
  </testcase> <!-- updateBatchAsInvitedMentor -->
  <testcase classname="org.testscript.regression.ReviewAndPublishReceivedContent" name="reviewAndPublishReceivedContent" time="0.0">
    <skipped/>
  </testcase> <!-- reviewAndPublishReceivedContent -->
  <testcase classname="org.testscript.ConsumeOpenCourseByPublicUserAndCheckCourseStatAsMentor" name="consumeOpenCourseByPublicUserAndCheckCourseStatAsMentor" time="0.0">
    <skipped/>
  </testcase> <!-- consumeOpenCourseByPublicUserAndCheckCourseStatAsMentor -->
  <testcase classname="org.testscript.EditAndVerifyTopicTree" name="editAndVerifyTopicTree" time="0.001">
    <skipped/>
  </testcase> <!-- editAndVerifyTopicTree -->
  <testcase classname="org.testscript.CheckSuborgMentorInvitingOrgMember" name="suborgMentorInvitingOrgMember" time="0.001">
    <skipped/>
  </testcase> <!-- suborgMentorInvitingOrgMember -->
  <testcase classname="org.testscript.VerifyHomePage" name="verifyHomePage" time="0.0">
    <skipped/>
  </testcase> <!-- verifyHomePage -->
  <testcase classname="org.testscript.RejectTheContent" name="rejectTheContent" time="0.0">
    <skipped/>
  </testcase> <!-- rejectTheContent -->
  <testcase classname="org.testscript.OpenAnnouncement" name="openAnnouncement" time="0.0">
    <skipped/>
  </testcase> <!-- openAnnouncement -->
  <testcase classname="org.testscript.regression.UploadYoutubeFile" name="library_copyContent" time="0.0">
    <skipped/>
  </testcase> <!-- library_copyContent -->
  <testcase classname="org.testscript.regression.VerifyUserNaviagationToContentEditor" name="verifyUserNavigateToContentEditorPage" time="0.001">
    <skipped/>
  </testcase> <!-- verifyUserNavigateToContentEditorPage -->
  <testcase classname="org.testscript.ResendAnnouncementAndVerifyAnnouncement" name="resendAnnouncementAndVerifyAnnouncement" time="0.0">
    <skipped/>
  </testcase> <!-- resendAnnouncementAndVerifyAnnouncement -->
  <testcase classname="org.testscript.regression.VerifySortOption" name="verifySortFeatureOptions" time="0.0">
    <skipped/>
  </testcase> <!-- verifySortFeatureOptions -->
  <testcase classname="org.testscript.regression.SearchParticularContentInAllMyContent" name="VerifySortFeatureOptions" time="0.0">
    <skipped/>
  </testcase> <!-- VerifySortFeatureOptions -->
  <testcase classname="org.testscript.regression.VerifyAnnouncementPageContent" name="verifyAnnouncementMessage" time="0.001">
    <skipped/>
  </testcase> <!-- verifyAnnouncementMessage -->
  <testcase classname="org.testscript.CourseCreation" name="courseCreation" time="0.001">
    <skipped/>
  </testcase> <!-- courseCreation -->
  <testcase classname="org.testscript.regression.VerifyAnnouncementPageContent" name="VerifyAnnouncementDetails" time="0.001">
    <skipped/>
  </testcase> <!-- VerifyAnnouncementDetails -->
  <testcase classname="org.testscript.BookCreation" name="bookCreation" time="0.0">
    <skipped/>
  </testcase> <!-- bookCreation -->
  <testcase classname="org.testscript.regression.VerifyAnnouncementPageContent" name="VerifyAnnouncementCreationFields" time="0.0">
    <skipped/>
  </testcase> <!-- VerifyAnnouncementCreationFields -->
  <testcase classname="org.testscript.LessonplanCreation" name="lessonplanCreation" time="0.001">
    <skipped/>
  </testcase> <!-- lessonplanCreation -->
  <testcase classname="org.testscript.UploadMp4Content" name="uploadMp4Content" time="0.0">
    <skipped/>
  </testcase> <!-- uploadMp4Content -->
  <testcase classname="org.testscript.UploadContentTypeMp4AndVerify" name="uploadContentTypeMp4AndVerify" time="0.0">
    <skipped/>
  </testcase> <!-- uploadContentTypeMp4AndVerify -->
  <testcase classname="org.testscript.RootUsersProviderAndExtID" name="rootUsersProviderAndExtID" time="0.001">
    <skipped/>
  </testcase> <!-- rootUsersProviderAndExtID -->
  <testcase classname="org.testscript.UploadWebmContent" name="uploadWebmContent" time="0.0">
    <skipped/>
  </testcase> <!-- uploadWebmContent -->
  <testcase classname="org.testscript.SubOrgUsersProviderAndExtId" name="subOrgUsersProviderAndExtId" time="0.0">
    <skipped/>
  </testcase> <!-- subOrgUsersProviderAndExtId -->
  <testcase classname="org.testscript.VerifyElementsInAdminDashboard" name="verifyElementsInAdminDashboard" time="0.0">
    <skipped/>
  </testcase> <!-- verifyElementsInAdminDashboard -->
  <testcase classname="org.testscript.UploadYoutubeContent" name="uploadYoutubeContent" time="0.0">
    <skipped/>
  </testcase> <!-- uploadYoutubeContent -->
  <testcase classname="org.testscript.UploadEpubContent" name="uploadEpubContent" time="0.0">
    <skipped/>
  </testcase> <!-- uploadEpubContent -->
  <testcase classname="org.testscript.AdminCreationAndDownloadCsv" name="adminCreationAndDownloadCsv" time="0.001">
    <skipped/>
  </testcase> <!-- adminCreationAndDownloadCsv -->
  <testcase classname="org.testscript.AdminCreationAndDownloadCsv" name="adminCreationAndDownloadCsv" time="0.0">
    <skipped/>
  </testcase> <!-- adminCreationAndDownloadCsv -->
  <testcase classname="org.testscript.UploadContentTypeEpubAndVerify" name="uploadContentTypeEpubAndVerify" time="0.0">
    <skipped/>
  </testcase> <!-- uploadContentTypeEpubAndVerify -->
  <testcase classname="org.testscript.UploadContentTypePdfAndVerify" name="uploadContentTypePdfAndVerify" time="0.0">
    <skipped/>
  </testcase> <!-- uploadContentTypePdfAndVerify -->
  <testcase classname="org.testscript.UploadContentTypeHtmlAndVerify" name="uploadContentTypeHtmlAndVerify" time="0.0">
    <skipped/>
  </testcase> <!-- uploadContentTypeHtmlAndVerify -->
  <testcase classname="org.testscript.UploadHtmlContent" name="uploadHtmlContent" time="0.001">
    <skipped/>
  </testcase> <!-- uploadHtmlContent -->
  <testcase classname="org.testscript.UploadContentTypeH5pAndVerify" name="uploadH5pContentAndVerify" time="0.001">
    <skipped/>
  </testcase> <!-- uploadH5pContentAndVerify -->
  <testcase classname="org.testscript.UploadH5pContent" name="uploadH5pContent" time="0.0">
    <skipped/>
  </testcase> <!-- uploadH5pContent -->
  <testcase classname="org.testscript.CollectionCreation" name="collectionCreation" time="0.001">
    <skipped/>
  </testcase> <!-- collectionCreation -->
  <testcase classname="org.testscript.ResourceCreation" name="resourceCreation" time="0.0">
    <skipped/>
  </testcase> <!-- resourceCreation -->
  <testcase classname="org.testscript.NavigateToMyActivity" name="navigateToMyActivity" time="0.0">
    <skipped/>
  </testcase> <!-- navigateToMyActivity -->
  <testcase classname="org.testscript.EditContentAndSendForReview" name="editContentAndSendForReview" time="0.0">
    <skipped/>
  </testcase> <!-- editContentAndSendForReview -->
  <testcase classname="org.testscript.LimitedSharingTheContent" name="limitedSharingTheContent" time="0.001">
    <skipped/>
  </testcase> <!-- limitedSharingTheContent -->
  <testcase classname="org.testscript.CheckInReviewSubmission" name="checkInReviewSubmission" time="0.001">
    <skipped/>
  </testcase> <!-- checkInReviewSubmission -->
  <testcase classname="org.testscript.VerifyPublishedBucket" name="verifyPublishedBucket" time="0.0">
    <skipped/>
  </testcase> <!-- verifyPublishedBucket -->
  <testcase classname="org.testscript.DialCodeLink" name="dialCodeLink" time="0.0">
    <skipped/>
  </testcase> <!-- dialCodeLink -->
  <testcase classname="org.testscript.UnlinkDailcode" name="unlinkDailcode" time="0.0">
    <skipped/>
  </testcase> <!-- unlinkDailcode -->
  <testcase classname="org.testscript.VerifyBookCreator" name="verifyBookCreation" time="0.0">
    <skipped/>
  </testcase> <!-- verifyBookCreation -->
  <testcase classname="org.testscript.BookCreateOptionValidation" name="bookCreateOptionValidation" time="0.0">
    <skipped/>
  </testcase> <!-- bookCreateOptionValidation -->
</testsuite> <!-- Test -->
