<?xml version="1.0" encoding="UTF-8"?>
<!-- Generated by org.testng.reporters.JUnitXMLReporter -->
<testsuite ignored="0" hostname="Qualitrix-LinuxPC" failures="3" tests="63" name="regressiontest-P1" time="91.472" errors="0" timestamp="18 Oct 2018 08:02:05 GMT">
  <testcase classname="org.sunbird.startup.BaseTest" name="@AfterMethod closeApplication" time="0.0">
    <failure type="org.openqa.selenium.WebDriverException" message="chrome not reachable
  (Session info: chrome=70.0.3538.67)
  (Driver info: chromedriver=2.41.578700 (2f1ed5f9343c13f73144538f15c00b370eda6706),platform=Linux 4.15.0-36-generic x86_64) (WARNING: The server did not provide any stacktrace information)
Command duration or timeout: 0 milliseconds
Build info: version: &amp;apos;3.12.0&amp;apos;, revision: &amp;apos;7c6e0b3&amp;apos;, time: &amp;apos;2018-05-08T14:04:26.12Z&amp;apos;
System info: host: &amp;apos;Qualitrix-LinuxPC&amp;apos;, ip: &amp;apos;127.0.1.1&amp;apos;, os.name: &amp;apos;Linux&amp;apos;, os.arch: &amp;apos;amd64&amp;apos;, os.version: &amp;apos;4.15.0-36-generic&amp;apos;, java.version: &amp;apos;10.0.2&amp;apos;
Driver info: org.openqa.selenium.chrome.ChromeDriver
Capabilities {acceptInsecureCerts: false, acceptSslCerts: false, applicationCacheEnabled: false, browserConnectionEnabled: false, browserName: chrome, chrome: {chromedriverVersion: 2.41.578700 (2f1ed5f9343c13..., userDataDir: /tmp/.org.chromium.Chromium...}, cssSelectorsEnabled: true, databaseEnabled: false, goog:chromeOptions: {debuggerAddress: localhost:33211}, handlesAlerts: true, hasTouchScreen: false, javascriptEnabled: true, locationContextEnabled: true, mobileEmulationEnabled: false, nativeEvents: true, networkConnectionEnabled: false, pageLoadStrategy: normal, platform: LINUX, platformName: LINUX, rotatable: false, setWindowRect: true, takesHeapSnapshot: true, takesScreenshot: true, unexpectedAlertBehaviour: , unhandledPromptBehavior: , version: 70.0.3538.67, webStorageEnabled: true}
Session ID: d8059f581ac423701b164dd020cd3d24">
      <![CDATA[org.openqa.selenium.WebDriverException: chrome not reachable
  (Session info: chrome=70.0.3538.67)
  (Driver info: chromedriver=2.41.578700 (2f1ed5f9343c13f73144538f15c00b370eda6706),platform=Linux 4.15.0-36-generic x86_64) (WARNING: The server did not provide any stacktrace information)
Command duration or timeout: 0 milliseconds
Build info: version: '3.12.0', revision: '7c6e0b3', time: '2018-05-08T14:04:26.12Z'
System info: host: 'Qualitrix-LinuxPC', ip: '127.0.1.1', os.name: 'Linux', os.arch: 'amd64', os.version: '4.15.0-36-generic', java.version: '10.0.2'
Driver info: org.openqa.selenium.chrome.ChromeDriver
Capabilities {acceptInsecureCerts: false, acceptSslCerts: false, applicationCacheEnabled: false, browserConnectionEnabled: false, browserName: chrome, chrome: {chromedriverVersion: 2.41.578700 (2f1ed5f9343c13..., userDataDir: /tmp/.org.chromium.Chromium...}, cssSelectorsEnabled: true, databaseEnabled: false, goog:chromeOptions: {debuggerAddress: localhost:33211}, handlesAlerts: true, hasTouchScreen: false, javascriptEnabled: true, locationContextEnabled: true, mobileEmulationEnabled: false, nativeEvents: true, networkConnectionEnabled: false, pageLoadStrategy: normal, platform: LINUX, platformName: LINUX, rotatable: false, setWindowRect: true, takesHeapSnapshot: true, takesScreenshot: true, unexpectedAlertBehaviour: , unhandledPromptBehavior: , version: 70.0.3538.67, webStorageEnabled: true}
Session ID: d8059f581ac423701b164dd020cd3d24
	at org.openqa.selenium.remote.ErrorHandler.createThrowable(ErrorHandler.java:214)
	at org.openqa.selenium.remote.ErrorHandler.throwIfResponseFailed(ErrorHandler.java:166)
	at org.openqa.selenium.remote.http.JsonHttpResponseCodec.reconstructValue(JsonHttpResponseCodec.java:40)
	at org.openqa.selenium.remote.http.AbstractHttpResponseCodec.decode(AbstractHttpResponseCodec.java:80)
	at org.openqa.selenium.remote.http.AbstractHttpResponseCodec.decode(AbstractHttpResponseCodec.java:44)
	at org.openqa.selenium.remote.HttpCommandExecutor.execute(HttpCommandExecutor.java:158)
	at org.openqa.selenium.remote.service.DriverCommandExecutor.execute(DriverCommandExecutor.java:83)
	at org.openqa.selenium.remote.RemoteWebDriver.execute(RemoteWebDriver.java:543)
	at org.openqa.selenium.remote.RemoteWebDriver.execute(RemoteWebDriver.java:600)
	at org.openqa.selenium.remote.RemoteWebDriver$RemoteWebDriverOptions.deleteAllCookies(RemoteWebDriver.java:685)
	at org.sunbird.startup.BaseTest.closeApplication(BaseTest.java:38)
... Removed 31 stack frames]]>
    </failure>
  </testcase> <!-- @AfterMethod closeApplication -->
  <testcase classname="org.sunbird.startup.BaseTest" name="@BeforeMethod openApplication" time="0.0">
    <skipped/>
  </testcase> <!-- @BeforeMethod openApplication -->
  <testcase classname="org.sunbird.startup.BaseTest" name="@AfterMethod closeApplication" time="0.0">
    <skipped/>
  </testcase> <!-- @AfterMethod closeApplication -->
  <testcase classname="org.sunbird.startup.BaseTest" name="@BeforeMethod openApplication" time="0.0">
    <skipped/>
  </testcase> <!-- @BeforeMethod openApplication -->
  <testcase classname="org.sunbird.startup.BaseTest" name="@AfterMethod closeApplication" time="0.0">
    <skipped/>
  </testcase> <!-- @AfterMethod closeApplication -->
  <testcase classname="org.sunbird.startup.BaseTest" name="@BeforeMethod openApplication" time="0.0">
    <skipped/>
  </testcase> <!-- @BeforeMethod openApplication -->
  <testcase classname="org.sunbird.startup.BaseTest" name="@AfterMethod closeApplication" time="0.0">
    <skipped/>
  </testcase> <!-- @AfterMethod closeApplication -->
  <testcase classname="org.sunbird.startup.BaseTest" name="@BeforeMethod openApplication" time="0.0">
    <skipped/>
  </testcase> <!-- @BeforeMethod openApplication -->
  <testcase classname="org.sunbird.startup.BaseTest" name="@AfterMethod closeApplication" time="0.0">
    <skipped/>
  </testcase> <!-- @AfterMethod closeApplication -->
  <testcase classname="org.sunbird.startup.BaseTest" name="@BeforeMethod openApplication" time="0.0">
    <skipped/>
  </testcase> <!-- @BeforeMethod openApplication -->
  <testcase classname="org.sunbird.startup.BaseTest" name="@AfterMethod closeApplication" time="0.0">
    <skipped/>
  </testcase> <!-- @AfterMethod closeApplication -->
  <testcase classname="org.sunbird.startup.BaseTest" name="@BeforeMethod openApplication" time="0.0">
    <skipped/>
  </testcase> <!-- @BeforeMethod openApplication -->
  <testcase classname="org.sunbird.startup.BaseTest" name="@AfterMethod closeApplication" time="0.0">
    <skipped/>
  </testcase> <!-- @AfterMethod closeApplication -->
  <testcase classname="org.sunbird.startup.BaseTest" name="@BeforeMethod openApplication" time="0.0">
    <skipped/>
  </testcase> <!-- @BeforeMethod openApplication -->
  <testcase classname="org.sunbird.startup.BaseTest" name="@AfterMethod closeApplication" time="0.0">
    <skipped/>
  </testcase> <!-- @AfterMethod closeApplication -->
  <testcase classname="org.sunbird.startup.BaseTest" name="@BeforeMethod openApplication" time="0.0">
    <skipped/>
  </testcase> <!-- @BeforeMethod openApplication -->
  <testcase classname="org.sunbird.startup.BaseTest" name="@AfterMethod closeApplication" time="0.0">
    <skipped/>
  </testcase> <!-- @AfterMethod closeApplication -->
  <testcase classname="org.sunbird.startup.BaseTest" name="@BeforeMethod openApplication" time="0.0">
    <skipped/>
  </testcase> <!-- @BeforeMethod openApplication -->
  <testcase classname="org.sunbird.startup.BaseTest" name="@AfterMethod closeApplication" time="0.0">
    <skipped/>
  </testcase> <!-- @AfterMethod closeApplication -->
  <testcase classname="org.sunbird.startup.BaseTest" name="@BeforeMethod openApplication" time="0.0">
    <skipped/>
  </testcase> <!-- @BeforeMethod openApplication -->
  <testcase classname="org.sunbird.startup.BaseTest" name="@AfterMethod closeApplication" time="0.0">
    <skipped/>
  </testcase> <!-- @AfterMethod closeApplication -->
  <testcase classname="org.sunbird.startup.BaseTest" name="@BeforeMethod openApplication" time="0.0">
    <skipped/>
  </testcase> <!-- @BeforeMethod openApplication -->
  <testcase classname="org.sunbird.startup.BaseTest" name="@AfterMethod closeApplication" time="0.0">
    <skipped/>
  </testcase> <!-- @AfterMethod closeApplication -->
  <testcase classname="org.sunbird.startup.BaseTest" name="@BeforeMethod openApplication" time="0.0">
    <skipped/>
  </testcase> <!-- @BeforeMethod openApplication -->
  <testcase classname="org.sunbird.startup.BaseTest" name="@AfterMethod closeApplication" time="0.0">
    <skipped/>
  </testcase> <!-- @AfterMethod closeApplication -->
  <testcase classname="org.sunbird.startup.BaseTest" name="@BeforeMethod openApplication" time="0.0">
    <skipped/>
  </testcase> <!-- @BeforeMethod openApplication -->
  <testcase classname="org.sunbird.startup.BaseTest" name="@AfterMethod closeApplication" time="0.0">
    <skipped/>
  </testcase> <!-- @AfterMethod closeApplication -->
  <testcase classname="org.sunbird.startup.BaseTest" name="@BeforeMethod openApplication" time="0.0">
    <skipped/>
  </testcase> <!-- @BeforeMethod openApplication -->
  <testcase classname="org.sunbird.startup.BaseTest" name="@AfterMethod closeApplication" time="0.0">
    <skipped/>
  </testcase> <!-- @AfterMethod closeApplication -->
  <testcase classname="org.sunbird.startup.BaseTest" name="@BeforeMethod openApplication" time="0.0">
    <skipped/>
  </testcase> <!-- @BeforeMethod openApplication -->
  <testcase classname="org.sunbird.startup.BaseTest" name="@AfterMethod closeApplication" time="0.0">
    <skipped/>
  </testcase> <!-- @AfterMethod closeApplication -->
  <testcase classname="org.sunbird.startup.BaseTest" name="@BeforeMethod openApplication" time="0.0">
    <skipped/>
  </testcase> <!-- @BeforeMethod openApplication -->
  <testcase classname="org.sunbird.startup.BaseTest" name="@AfterMethod closeApplication" time="0.0">
    <skipped/>
  </testcase> <!-- @AfterMethod closeApplication -->
  <testcase classname="org.sunbird.startup.BaseTest" name="@BeforeMethod openApplication" time="0.0">
    <skipped/>
  </testcase> <!-- @BeforeMethod openApplication -->
  <testcase classname="org.sunbird.startup.BaseTest" name="@AfterMethod closeApplication" time="0.0">
    <skipped/>
  </testcase> <!-- @AfterMethod closeApplication -->
  <testcase classname="org.sunbird.startup.BaseTest" name="@BeforeMethod openApplication" time="0.0">
    <skipped/>
  </testcase> <!-- @BeforeMethod openApplication -->
  <testcase classname="org.sunbird.startup.BaseTest" name="@AfterMethod closeApplication" time="0.0">
    <skipped/>
  </testcase> <!-- @AfterMethod closeApplication -->
  <testcase classname="org.sunbird.startup.BaseTest" name="@BeforeMethod openApplication" time="0.0">
    <skipped/>
  </testcase> <!-- @BeforeMethod openApplication -->
  <testcase classname="org.sunbird.startup.BaseTest" name="@AfterMethod closeApplication" time="0.0">
    <skipped/>
  </testcase> <!-- @AfterMethod closeApplication -->
  <testcase classname="org.sunbird.startup.BaseTest" name="@BeforeMethod openApplication" time="0.0">
    <skipped/>
  </testcase> <!-- @BeforeMethod openApplication -->
  <testcase classname="org.sunbird.startup.BaseTest" name="@AfterMethod closeApplication" time="0.0">
    <skipped/>
  </testcase> <!-- @AfterMethod closeApplication -->
  <testcase classname="org.sunbird.startup.BaseTest" name="@BeforeMethod openApplication" time="0.0">
    <skipped/>
  </testcase> <!-- @BeforeMethod openApplication -->
  <testcase classname="org.sunbird.startup.BaseTest" name="@AfterMethod closeApplication" time="0.0">
    <skipped/>
  </testcase> <!-- @AfterMethod closeApplication -->
  <testcase classname="org.sunbird.startup.BaseTest" name="@BeforeMethod openApplication" time="0.0">
    <skipped/>
  </testcase> <!-- @BeforeMethod openApplication -->
  <testcase classname="org.sunbird.startup.BaseTest" name="@AfterMethod closeApplication" time="0.0">
    <skipped/>
  </testcase> <!-- @AfterMethod closeApplication -->
  <testcase classname="org.sunbird.startup.BaseTest" name="@BeforeMethod openApplication" time="0.0">
    <skipped/>
  </testcase> <!-- @BeforeMethod openApplication -->
  <testcase classname="org.sunbird.startup.BaseTest" name="@AfterMethod closeApplication" time="0.0">
    <skipped/>
  </testcase> <!-- @AfterMethod closeApplication -->
  <testcase classname="org.sunbird.startup.BaseTest" name="@BeforeMethod openApplication" time="0.0">
    <skipped/>
  </testcase> <!-- @BeforeMethod openApplication -->
  <testcase classname="org.sunbird.startup.BaseTest" name="@AfterMethod closeApplication" time="0.0">
    <skipped/>
  </testcase> <!-- @AfterMethod closeApplication -->
  <testcase classname="org.sunbird.startup.BaseTest" name="@BeforeMethod openApplication" time="0.0">
    <skipped/>
  </testcase> <!-- @BeforeMethod openApplication -->
  <testcase classname="org.sunbird.startup.BaseTest" name="@AfterMethod closeApplication" time="0.0">
    <skipped/>
  </testcase> <!-- @AfterMethod closeApplication -->
  <testcase classname="org.sunbird.startup.BaseTest" name="@BeforeMethod openApplication" time="0.0">
    <skipped/>
  </testcase> <!-- @BeforeMethod openApplication -->
  <testcase classname="org.sunbird.startup.BaseTest" name="@AfterMethod closeApplication" time="0.0">
    <skipped/>
  </testcase> <!-- @AfterMethod closeApplication -->
  <testcase classname="org.sunbird.startup.BaseTest" name="@BeforeMethod openApplication" time="0.0">
    <skipped/>
  </testcase> <!-- @BeforeMethod openApplication -->
  <testcase classname="org.sunbird.startup.BaseTest" name="@AfterMethod closeApplication" time="0.0">
    <skipped/>
  </testcase> <!-- @AfterMethod closeApplication -->
  <testcase classname="org.sunbird.startup.BaseTest" name="@BeforeMethod openApplication" time="0.0">
    <skipped/>
  </testcase> <!-- @BeforeMethod openApplication -->
  <testcase classname="org.sunbird.startup.BaseTest" name="@AfterMethod closeApplication" time="0.0">
    <skipped/>
  </testcase> <!-- @AfterMethod closeApplication -->
  <testcase classname="org.sunbird.startup.BaseTest" name="@BeforeMethod openApplication" time="0.0">
    <skipped/>
  </testcase> <!-- @BeforeMethod openApplication -->
  <testcase classname="org.sunbird.startup.BaseTest" name="@AfterMethod closeApplication" time="0.0">
    <skipped/>
  </testcase> <!-- @AfterMethod closeApplication -->
  <testcase classname="org.sunbird.startup.BaseTest" name="@BeforeMethod openApplication" time="0.0">
    <skipped/>
  </testcase> <!-- @BeforeMethod openApplication -->
  <testcase classname="org.sunbird.startup.BaseTest" name="@AfterMethod closeApplication" time="0.0">
    <skipped/>
  </testcase> <!-- @AfterMethod closeApplication -->
  <testcase classname="org.sunbird.startup.BaseTest" name="@BeforeMethod openApplication" time="0.0">
    <skipped/>
  </testcase> <!-- @BeforeMethod openApplication -->
  <testcase classname="org.sunbird.startup.BaseTest" name="@AfterMethod closeApplication" time="0.0">
    <skipped/>
  </testcase> <!-- @AfterMethod closeApplication -->
  <testcase classname="org.sunbird.startup.BaseTest" name="@BeforeMethod openApplication" time="0.0">
    <skipped/>
  </testcase> <!-- @BeforeMethod openApplication -->
  <testcase classname="org.sunbird.startup.BaseTest" name="@AfterMethod closeApplication" time="0.0">
    <skipped/>
  </testcase> <!-- @AfterMethod closeApplication -->
  <testcase classname="org.sunbird.startup.BaseTest" name="@BeforeMethod openApplication" time="0.0">
    <skipped/>
  </testcase> <!-- @BeforeMethod openApplication -->
  <testcase classname="org.sunbird.startup.BaseTest" name="@AfterMethod closeApplication" time="0.0">
    <skipped/>
  </testcase> <!-- @AfterMethod closeApplication -->
  <testcase classname="org.sunbird.startup.BaseTest" name="@BeforeMethod openApplication" time="0.0">
    <skipped/>
  </testcase> <!-- @BeforeMethod openApplication -->
  <testcase classname="org.sunbird.startup.BaseTest" name="@AfterMethod closeApplication" time="0.0">
    <skipped/>
  </testcase> <!-- @AfterMethod closeApplication -->
  <testcase classname="org.sunbird.startup.BaseTest" name="@BeforeMethod openApplication" time="0.0">
    <skipped/>
  </testcase> <!-- @BeforeMethod openApplication -->
  <testcase classname="org.sunbird.startup.BaseTest" name="@AfterMethod closeApplication" time="0.0">
    <skipped/>
  </testcase> <!-- @AfterMethod closeApplication -->
  <testcase classname="org.sunbird.startup.BaseTest" name="@BeforeMethod openApplication" time="0.0">
    <skipped/>
  </testcase> <!-- @BeforeMethod openApplication -->
  <testcase classname="org.sunbird.startup.BaseTest" name="@AfterMethod closeApplication" time="0.0">
    <skipped/>
  </testcase> <!-- @AfterMethod closeApplication -->
  <testcase classname="org.sunbird.startup.BaseTest" name="@BeforeMethod openApplication" time="0.0">
    <skipped/>
  </testcase> <!-- @BeforeMethod openApplication -->
  <testcase classname="org.sunbird.startup.BaseTest" name="@AfterMethod closeApplication" time="0.0">
    <skipped/>
  </testcase> <!-- @AfterMethod closeApplication -->
  <testcase classname="org.sunbird.startup.BaseTest" name="@BeforeMethod openApplication" time="0.0">
    <skipped/>
  </testcase> <!-- @BeforeMethod openApplication -->
  <testcase classname="org.sunbird.startup.BaseTest" name="@AfterMethod closeApplication" time="0.0">
    <skipped/>
  </testcase> <!-- @AfterMethod closeApplication -->
  <testcase classname="org.sunbird.startup.BaseTest" name="@BeforeMethod openApplication" time="0.0">
    <skipped/>
  </testcase> <!-- @BeforeMethod openApplication -->
  <testcase classname="org.sunbird.startup.BaseTest" name="@AfterMethod closeApplication" time="0.0">
    <skipped/>
  </testcase> <!-- @AfterMethod closeApplication -->
  <testcase classname="org.sunbird.startup.BaseTest" name="@BeforeMethod openApplication" time="0.0">
    <skipped/>
  </testcase> <!-- @BeforeMethod openApplication -->
  <testcase classname="org.sunbird.startup.BaseTest" name="@AfterMethod closeApplication" time="0.0">
    <skipped/>
  </testcase> <!-- @AfterMethod closeApplication -->
  <testcase classname="org.sunbird.startup.BaseTest" name="@BeforeMethod openApplication" time="0.0">
    <skipped/>
  </testcase> <!-- @BeforeMethod openApplication -->
  <testcase classname="org.sunbird.startup.BaseTest" name="@AfterMethod closeApplication" time="0.0">
    <skipped/>
  </testcase> <!-- @AfterMethod closeApplication -->
  <testcase classname="org.sunbird.startup.BaseTest" name="@BeforeMethod openApplication" time="0.0">
    <skipped/>
  </testcase> <!-- @BeforeMethod openApplication -->
  <testcase classname="org.sunbird.startup.BaseTest" name="@AfterMethod closeApplication" time="0.0">
    <skipped/>
  </testcase> <!-- @AfterMethod closeApplication -->
  <testcase classname="org.sunbird.startup.BaseTest" name="@BeforeMethod openApplication" time="0.0">
    <skipped/>
  </testcase> <!-- @BeforeMethod openApplication -->
  <testcase classname="org.sunbird.startup.BaseTest" name="@AfterMethod closeApplication" time="0.0">
    <skipped/>
  </testcase> <!-- @AfterMethod closeApplication -->
  <testcase classname="org.sunbird.startup.BaseTest" name="@BeforeMethod openApplication" time="0.0">
    <skipped/>
  </testcase> <!-- @BeforeMethod openApplication -->
  <testcase classname="org.sunbird.startup.BaseTest" name="@AfterMethod closeApplication" time="0.0">
    <skipped/>
  </testcase> <!-- @AfterMethod closeApplication -->
  <testcase classname="org.sunbird.startup.BaseTest" name="@BeforeMethod openApplication" time="0.0">
    <skipped/>
  </testcase> <!-- @BeforeMethod openApplication -->
  <testcase classname="org.sunbird.startup.BaseTest" name="@AfterMethod closeApplication" time="0.0">
    <skipped/>
  </testcase> <!-- @AfterMethod closeApplication -->
  <testcase classname="org.sunbird.startup.BaseTest" name="@BeforeMethod openApplication" time="0.0">
    <skipped/>
  </testcase> <!-- @BeforeMethod openApplication -->
  <testcase classname="org.sunbird.startup.BaseTest" name="@AfterMethod closeApplication" time="0.0">
    <skipped/>
  </testcase> <!-- @AfterMethod closeApplication -->
  <testcase classname="org.sunbird.startup.BaseTest" name="@BeforeMethod openApplication" time="0.0">
    <skipped/>
  </testcase> <!-- @BeforeMethod openApplication -->
  <testcase classname="org.sunbird.startup.BaseTest" name="@AfterMethod closeApplication" time="0.0">
    <skipped/>
  </testcase> <!-- @AfterMethod closeApplication -->
  <testcase classname="org.sunbird.startup.BaseTest" name="@BeforeMethod openApplication" time="0.0">
    <skipped/>
  </testcase> <!-- @BeforeMethod openApplication -->
  <testcase classname="org.sunbird.startup.BaseTest" name="@AfterMethod closeApplication" time="0.0">
    <skipped/>
  </testcase> <!-- @AfterMethod closeApplication -->
  <testcase classname="org.sunbird.startup.BaseTest" name="@BeforeMethod openApplication" time="0.0">
    <skipped/>
  </testcase> <!-- @BeforeMethod openApplication -->
  <testcase classname="org.sunbird.startup.BaseTest" name="@AfterMethod closeApplication" time="0.0">
    <skipped/>
  </testcase> <!-- @AfterMethod closeApplication -->
  <testcase classname="org.sunbird.startup.BaseTest" name="@BeforeMethod openApplication" time="0.0">
    <skipped/>
  </testcase> <!-- @BeforeMethod openApplication -->
  <testcase classname="org.sunbird.startup.BaseTest" name="@AfterMethod closeApplication" time="0.0">
    <skipped/>
  </testcase> <!-- @AfterMethod closeApplication -->
  <testcase classname="org.sunbird.startup.BaseTest" name="@BeforeMethod openApplication" time="0.0">
    <skipped/>
  </testcase> <!-- @BeforeMethod openApplication -->
  <testcase classname="org.sunbird.startup.BaseTest" name="@AfterMethod closeApplication" time="0.0">
    <skipped/>
  </testcase> <!-- @AfterMethod closeApplication -->
  <testcase classname="org.sunbird.startup.BaseTest" name="@BeforeMethod openApplication" time="0.0">
    <skipped/>
  </testcase> <!-- @BeforeMethod openApplication -->
  <testcase classname="org.sunbird.startup.BaseTest" name="@AfterMethod closeApplication" time="0.0">
    <skipped/>
  </testcase> <!-- @AfterMethod closeApplication -->
  <testcase classname="org.sunbird.startup.BaseTest" name="@BeforeMethod openApplication" time="0.0">
    <skipped/>
  </testcase> <!-- @BeforeMethod openApplication -->
  <testcase classname="org.sunbird.startup.BaseTest" name="@AfterMethod closeApplication" time="0.0">
    <skipped/>
  </testcase> <!-- @AfterMethod closeApplication -->
  <testcase classname="org.sunbird.startup.BaseTest" name="@BeforeMethod openApplication" time="0.0">
    <skipped/>
  </testcase> <!-- @BeforeMethod openApplication -->
  <testcase classname="org.sunbird.startup.BaseTest" name="@AfterMethod closeApplication" time="0.0">
    <skipped/>
  </testcase> <!-- @AfterMethod closeApplication -->
  <testcase classname="org.sunbird.startup.BaseTest" name="@BeforeMethod openApplication" time="0.0">
    <skipped/>
  </testcase> <!-- @BeforeMethod openApplication -->
  <testcase classname="org.sunbird.startup.BaseTest" name="@AfterMethod closeApplication" time="0.0">
    <skipped/>
  </testcase> <!-- @AfterMethod closeApplication -->
  <testcase classname="org.sunbird.startup.BaseTest" name="@BeforeMethod openApplication" time="0.0">
    <skipped/>
  </testcase> <!-- @BeforeMethod openApplication -->
  <testcase classname="org.sunbird.startup.BaseTest" name="@AfterMethod closeApplication" time="0.0">
    <skipped/>
  </testcase> <!-- @AfterMethod closeApplication -->
  <testcase classname="org.sunbird.startup.BaseTest" name="@BeforeMethod openApplication" time="0.0">
    <skipped/>
  </testcase> <!-- @BeforeMethod openApplication -->
  <testcase classname="org.sunbird.startup.BaseTest" name="@AfterMethod closeApplication" time="0.0">
    <skipped/>
  </testcase> <!-- @AfterMethod closeApplication -->
  <testcase classname="org.sunbird.startup.BaseTest" name="@BeforeMethod openApplication" time="0.0">
    <skipped/>
  </testcase> <!-- @BeforeMethod openApplication -->
  <testcase classname="org.sunbird.startup.BaseTest" name="@AfterMethod closeApplication" time="0.0">
    <skipped/>
  </testcase> <!-- @AfterMethod closeApplication -->
  <testcase classname="org.sunbird.startup.BaseTest" name="@BeforeMethod openApplication" time="0.0">
    <skipped/>
  </testcase> <!-- @BeforeMethod openApplication -->
  <testcase classname="org.sunbird.startup.BaseTest" name="@AfterMethod closeApplication" time="0.0">
    <skipped/>
  </testcase> <!-- @AfterMethod closeApplication -->
  <testcase classname="org.sunbird.startup.BaseTest" name="@BeforeMethod openApplication" time="0.0">
    <skipped/>
  </testcase> <!-- @BeforeMethod openApplication -->
  <testcase classname="org.sunbird.startup.BaseTest" name="@AfterMethod closeApplication" time="0.0">
    <skipped/>
  </testcase> <!-- @AfterMethod closeApplication -->
  <testcase classname="org.sunbird.testscripts.NavigateToAnnouncementDashboard" name="navigateToAnnouncementDashboard" time="28.477">
    <failure type="java.lang.AssertionError" message="Failed on navigating to announcement dashboard in drop down menu, Exception : no such element: Unable to locate element: {&amp;quot;method&amp;quot;:&amp;quot;xpath&amp;quot;,&amp;quot;selector&amp;quot;:&amp;quot;(//a[text()=&amp;apos;Announcement dashboard&amp;apos;])[2]&amp;quot;}
  (Session info: chrome=70.0.3538.67)
  (Driver info: chromedriver=2.41.578700 (2f1ed5f9343c13f73144538f15c00b370eda6706),platform=Linux 4.15.0-36-generic x86_64) (WARNING: The server did not provide any stacktrace information)
Command duration or timeout: 0 milliseconds
For documentation on this error, please visit: http://seleniumhq.org/exceptions/no_such_element.html
Build info: version: &amp;apos;3.12.0&amp;apos;, revision: &amp;apos;7c6e0b3&amp;apos;, time: &amp;apos;2018-05-08T14:04:26.12Z&amp;apos;
System info: host: &amp;apos;Qualitrix-LinuxPC&amp;apos;, ip: &amp;apos;127.0.1.1&amp;apos;, os.name: &amp;apos;Linux&amp;apos;, os.arch: &amp;apos;amd64&amp;apos;, os.version: &amp;apos;4.15.0-36-generic&amp;apos;, java.version: &amp;apos;10.0.2&amp;apos;
Driver info: org.openqa.selenium.chrome.ChromeDriver
Capabilities {acceptInsecureCerts: false, acceptSslCerts: false, applicationCacheEnabled: false, browserConnectionEnabled: false, browserName: chrome, chrome: {chromedriverVersion: 2.41.578700 (2f1ed5f9343c13..., userDataDir: /tmp/.org.chromium.Chromium...}, cssSelectorsEnabled: true, databaseEnabled: false, goog:chromeOptions: {debuggerAddress: localhost:37049}, handlesAlerts: true, hasTouchScreen: false, javascriptEnabled: true, locationContextEnabled: true, mobileEmulationEnabled: false, nativeEvents: true, networkConnectionEnabled: false, pageLoadStrategy: normal, platform: LINUX, platformName: LINUX, rotatable: false, setWindowRect: true, takesHeapSnapshot: true, takesScreenshot: true, unexpectedAlertBehaviour: , unhandledPromptBehavior: , version: 70.0.3538.67, webStorageEnabled: true}
Session ID: e05629f318aebba7cf4d720d79dbb467
*** Element info: {Using=xpath, value=(//a[text()=&amp;apos;Announcement dashboard&amp;apos;])[2]}">
      <![CDATA[java.lang.AssertionError: Failed on navigating to announcement dashboard in drop down menu, Exception : no such element: Unable to locate element: {"method":"xpath","selector":"(//a[text()='Announcement dashboard'])[2]"}
  (Session info: chrome=70.0.3538.67)
  (Driver info: chromedriver=2.41.578700 (2f1ed5f9343c13f73144538f15c00b370eda6706),platform=Linux 4.15.0-36-generic x86_64) (WARNING: The server did not provide any stacktrace information)
Command duration or timeout: 0 milliseconds
For documentation on this error, please visit: http://seleniumhq.org/exceptions/no_such_element.html
Build info: version: '3.12.0', revision: '7c6e0b3', time: '2018-05-08T14:04:26.12Z'
System info: host: 'Qualitrix-LinuxPC', ip: '127.0.1.1', os.name: 'Linux', os.arch: 'amd64', os.version: '4.15.0-36-generic', java.version: '10.0.2'
Driver info: org.openqa.selenium.chrome.ChromeDriver
Capabilities {acceptInsecureCerts: false, acceptSslCerts: false, applicationCacheEnabled: false, browserConnectionEnabled: false, browserName: chrome, chrome: {chromedriverVersion: 2.41.578700 (2f1ed5f9343c13..., userDataDir: /tmp/.org.chromium.Chromium...}, cssSelectorsEnabled: true, databaseEnabled: false, goog:chromeOptions: {debuggerAddress: localhost:37049}, handlesAlerts: true, hasTouchScreen: false, javascriptEnabled: true, locationContextEnabled: true, mobileEmulationEnabled: false, nativeEvents: true, networkConnectionEnabled: false, pageLoadStrategy: normal, platform: LINUX, platformName: LINUX, rotatable: false, setWindowRect: true, takesHeapSnapshot: true, takesScreenshot: true, unexpectedAlertBehaviour: , unhandledPromptBehavior: , version: 70.0.3538.67, webStorageEnabled: true}
Session ID: e05629f318aebba7cf4d720d79dbb467
*** Element info: {Using=xpath, value=(//a[text()='Announcement dashboard'])[2]}
	at org.sunbird.pageobjects.CreatorAnnouncementPageObj.navigateToAnnouncementInDropDownMenu(CreatorAnnouncementPageObj.java:73)
	at org.sunbird.testscripts.NavigateToAnnouncementDashboard.navigateToAnnouncementDashboard(NavigateToAnnouncementDashboard.java:36)
... Removed 26 stack frames]]>
    </failure>
  </testcase> <!-- navigateToAnnouncementDashboard -->
  <testcase classname="org.sunbird.testscripts.ResendAnnouncementAndVerifyAnnouncement" name="resendAnnouncementAndVerifyAnnouncement" time="28.275">
    <failure type="java.lang.AssertionError" message="Failed on navigating to announcement dashboard in drop down menu, Exception : no such element: Unable to locate element: {&amp;quot;method&amp;quot;:&amp;quot;xpath&amp;quot;,&amp;quot;selector&amp;quot;:&amp;quot;(//a[text()=&amp;apos;Announcement dashboard&amp;apos;])[2]&amp;quot;}
  (Session info: chrome=70.0.3538.67)
  (Driver info: chromedriver=2.41.578700 (2f1ed5f9343c13f73144538f15c00b370eda6706),platform=Linux 4.15.0-36-generic x86_64) (WARNING: The server did not provide any stacktrace information)
Command duration or timeout: 0 milliseconds
For documentation on this error, please visit: http://seleniumhq.org/exceptions/no_such_element.html
Build info: version: &amp;apos;3.12.0&amp;apos;, revision: &amp;apos;7c6e0b3&amp;apos;, time: &amp;apos;2018-05-08T14:04:26.12Z&amp;apos;
System info: host: &amp;apos;Qualitrix-LinuxPC&amp;apos;, ip: &amp;apos;127.0.1.1&amp;apos;, os.name: &amp;apos;Linux&amp;apos;, os.arch: &amp;apos;amd64&amp;apos;, os.version: &amp;apos;4.15.0-36-generic&amp;apos;, java.version: &amp;apos;10.0.2&amp;apos;
Driver info: org.openqa.selenium.chrome.ChromeDriver
Capabilities {acceptInsecureCerts: false, acceptSslCerts: false, applicationCacheEnabled: false, browserConnectionEnabled: false, browserName: chrome, chrome: {chromedriverVersion: 2.41.578700 (2f1ed5f9343c13..., userDataDir: /tmp/.org.chromium.Chromium...}, cssSelectorsEnabled: true, databaseEnabled: false, goog:chromeOptions: {debuggerAddress: localhost:41357}, handlesAlerts: true, hasTouchScreen: false, javascriptEnabled: true, locationContextEnabled: true, mobileEmulationEnabled: false, nativeEvents: true, networkConnectionEnabled: false, pageLoadStrategy: normal, platform: LINUX, platformName: LINUX, rotatable: false, setWindowRect: true, takesHeapSnapshot: true, takesScreenshot: true, unexpectedAlertBehaviour: , unhandledPromptBehavior: , version: 70.0.3538.67, webStorageEnabled: true}
Session ID: f05f29bd111b47f2ace78da47abe30eb
*** Element info: {Using=xpath, value=(//a[text()=&amp;apos;Announcement dashboard&amp;apos;])[2]}">
      <![CDATA[java.lang.AssertionError: Failed on navigating to announcement dashboard in drop down menu, Exception : no such element: Unable to locate element: {"method":"xpath","selector":"(//a[text()='Announcement dashboard'])[2]"}
  (Session info: chrome=70.0.3538.67)
  (Driver info: chromedriver=2.41.578700 (2f1ed5f9343c13f73144538f15c00b370eda6706),platform=Linux 4.15.0-36-generic x86_64) (WARNING: The server did not provide any stacktrace information)
Command duration or timeout: 0 milliseconds
For documentation on this error, please visit: http://seleniumhq.org/exceptions/no_such_element.html
Build info: version: '3.12.0', revision: '7c6e0b3', time: '2018-05-08T14:04:26.12Z'
System info: host: 'Qualitrix-LinuxPC', ip: '127.0.1.1', os.name: 'Linux', os.arch: 'amd64', os.version: '4.15.0-36-generic', java.version: '10.0.2'
Driver info: org.openqa.selenium.chrome.ChromeDriver
Capabilities {acceptInsecureCerts: false, acceptSslCerts: false, applicationCacheEnabled: false, browserConnectionEnabled: false, browserName: chrome, chrome: {chromedriverVersion: 2.41.578700 (2f1ed5f9343c13..., userDataDir: /tmp/.org.chromium.Chromium...}, cssSelectorsEnabled: true, databaseEnabled: false, goog:chromeOptions: {debuggerAddress: localhost:41357}, handlesAlerts: true, hasTouchScreen: false, javascriptEnabled: true, locationContextEnabled: true, mobileEmulationEnabled: false, nativeEvents: true, networkConnectionEnabled: false, pageLoadStrategy: normal, platform: LINUX, platformName: LINUX, rotatable: false, setWindowRect: true, takesHeapSnapshot: true, takesScreenshot: true, unexpectedAlertBehaviour: , unhandledPromptBehavior: , version: 70.0.3538.67, webStorageEnabled: true}
Session ID: f05f29bd111b47f2ace78da47abe30eb
*** Element info: {Using=xpath, value=(//a[text()='Announcement dashboard'])[2]}
	at org.sunbird.pageobjects.CreatorAnnouncementPageObj.navigateToAnnouncementInDropDownMenu(CreatorAnnouncementPageObj.java:73)
	at org.sunbird.testscripts.ResendAnnouncementAndVerifyAnnouncement.resendAnnouncementAndVerifyAnnouncement(ResendAnnouncementAndVerifyAnnouncement.java:51)
... Removed 26 stack frames]]>
    </failure>
  </testcase> <!-- resendAnnouncementAndVerifyAnnouncement -->
  <testcase classname="org.sunbird.testscripts.ResendAnnouncementAndVerifyAsReciever" name="resendAnnouncementAndVerifyAsReciever" time="12.073">
    <failure type="java.lang.AssertionError" message="Failed on navigating to announcement dashboard in drop down menu, Exception : null">
      <![CDATA[java.lang.AssertionError: Failed on navigating to announcement dashboard in drop down menu, Exception : null
	at org.sunbird.pageobjects.CreatorAnnouncementPageObj.navigateToAnnouncementInDropDownMenu(CreatorAnnouncementPageObj.java:73)
	at org.sunbird.testscripts.ResendAnnouncementAndVerifyAsReciever.resendAnnouncementAndVerifyAsReciever(ResendAnnouncementAndVerifyAsReciever.java:51)
... Removed 26 stack frames]]>
    </failure>
  </testcase> <!-- resendAnnouncementAndVerifyAsReciever -->
  <testcase classname="org.sunbird.testscripts.CreateAnnouncementWithAttachment" name="createAnnouncementWithAttachment" time="0.003">
    <skipped/>
  </testcase> <!-- createAnnouncementWithAttachment -->
  <testcase classname="org.sunbird.testscripts.Create_Verify_DeleteAnnouncement" name="create_Verify_DeleteAnnouncement" time="0.001">
    <skipped/>
  </testcase> <!-- create_Verify_DeleteAnnouncement -->
  <testcase classname="org.sunbird.testscripts.OpenAnnouncement" name="openAnnouncement" time="0.001">
    <skipped/>
  </testcase> <!-- openAnnouncement -->
  <testcase classname="org.sunbird.testscripts.ResendAnnouncement" name="resendAnnouncement" time="0.001">
    <skipped/>
  </testcase> <!-- resendAnnouncement -->
  <testcase classname="org.sunbird.testscripts.SearchContentWithFiltersAsReviewer" name="searchContentWithFiltersAsReviewer" time="0.001">
    <skipped/>
  </testcase> <!-- searchContentWithFiltersAsReviewer -->
  <testcase classname="org.sunbird.testscripts.SkillEndorsement" name="skillEndorsement" time="0.001">
    <skipped/>
  </testcase> <!-- skillEndorsement -->
  <testcase classname="org.sunbird.testscripts.UpdateProfilePhoto" name="updateProfilePhoto" time="0.0">
    <skipped/>
  </testcase> <!-- updateProfilePhoto -->
  <testcase classname="org.sunbird.testscripts.SearchUsers" name="searchUsers" time="0.003">
    <skipped/>
  </testcase> <!-- searchUsers -->
  <testcase classname="org.sunbird.testscripts.LoginAndChangePassword" name="loginAndChangePassword" time="0.001">
    <skipped/>
  </testcase> <!-- loginAndChangePassword -->
  <testcase classname="org.sunbird.testscripts.SearchCourse" name="searchCourse" time="0.001">
    <skipped/>
  </testcase> <!-- searchCourse -->
  <testcase classname="org.sunbird.testscripts.ProfileInfoUpdate" name="profileInfoUpdate" time="0.001">
    <skipped/>
  </testcase> <!-- profileInfoUpdate -->
  <testcase classname="org.sunbird.testscripts.SearchInLibrary" name="librarySearch" time="0.001">
    <skipped/>
  </testcase> <!-- librarySearch -->
  <testcase classname="org.sunbird.testscripts.SearchCourseUsingFilter" name="searchCourseUsingFilter" time="0.0">
    <skipped/>
  </testcase> <!-- searchCourseUsingFilter -->
  <testcase classname="org.sunbird.testscripts.SearchInLibraryUsingFilter" name="librarySearchUsingFilter" time="0.0">
    <skipped/>
  </testcase> <!-- librarySearchUsingFilter -->
  <testcase classname="org.sunbird.testscripts.ConfirmInstructionReceivedInforgotPassword" name="confirmInstructionReceivedInforgotPassword" time="0.001">
    <skipped/>
  </testcase> <!-- confirmInstructionReceivedInforgotPassword -->
  <testcase classname="org.sunbird.testscripts.VerifyHomePage" name="verifyHomePage" time="0.001">
    <skipped/>
  </testcase> <!-- verifyHomePage -->
  <testcase classname="org.sunbird.testscripts.SendTheCourseForReview" name="sendTheCourseForReview" time="0.0">
    <skipped/>
  </testcase> <!-- sendTheCourseForReview -->
  <testcase classname="org.sunbird.testscripts.VerifyTheBookAvailableForReview" name="verifyTheBookAvailableForReview" time="0.001">
    <skipped/>
  </testcase> <!-- verifyTheBookAvailableForReview -->
  <testcase classname="org.sunbird.testscripts.NavigateToMyActivityInDropdown" name="navigateToMyActivityInDropdown" time="0.0">
    <skipped/>
  </testcase> <!-- navigateToMyActivityInDropdown -->
  <testcase classname="org.sunbird.testscripts.SearchOrgsAsMentor" name="searchOrgsAsMentor" time="0.0">
    <skipped/>
  </testcase> <!-- searchOrgsAsMentor -->
  <testcase classname="org.sunbird.testscripts.EnrollToCourseInOpenBatch" name="enrollToCourseInOpenBatch" time="0.0">
    <skipped/>
  </testcase> <!-- enrollToCourseInOpenBatch -->
  <testcase classname="org.sunbird.testscripts.ConsumeCourseByInvitedMember" name="consumeCourseByInvitedMember" time="0.0">
    <skipped/>
  </testcase> <!-- consumeCourseByInvitedMember -->
  <testcase classname="org.sunbird.testscripts.CheckSuborgMentorInvitingOrgMember" name="suborgMentorInvitingOrgMember" time="0.0">
    <skipped/>
  </testcase> <!-- suborgMentorInvitingOrgMember -->
  <testcase classname="org.sunbird.testscripts.CheckAvailabilityOfCourseForInvitedMember" name="checkAvailabilityOfCourseForInvitedMember" time="0.001">
    <skipped/>
  </testcase> <!-- checkAvailabilityOfCourseForInvitedMember -->
  <testcase classname="org.sunbird.testscripts.CheckForAuthenticUserInMentor" name="checkForAuthenticUserInMentor" time="0.0">
    <skipped/>
  </testcase> <!-- checkForAuthenticUserInMentor -->
  <testcase classname="org.sunbird.testscripts.UpdateBatchAsInvitedMentor" name="updateBatchAsInvitedMember" time="0.0">
    <skipped/>
  </testcase> <!-- updateBatchAsInvitedMember -->
  <testcase classname="org.sunbird.testscripts.CheckCourseStatAsMentor" name="checkCourseStatAsMentor" time="0.001">
    <skipped/>
  </testcase> <!-- checkCourseStatAsMentor -->
  <testcase classname="org.sunbird.testscripts.ConsumeOpenCourseByPublicUserAndCheckCourseStatAsMentor" name="consumeOpenCourseByPublicUserAndCheckCourseStatAsMentor" time="0.001">
    <skipped/>
  </testcase> <!-- consumeOpenCourseByPublicUserAndCheckCourseStatAsMentor -->
  <testcase classname="org.sunbird.testscripts.CheckForDownloadButtonAvailabilityForUserInProfile" name="checkForDownloadButtonAvailabilityForUserInProfile" time="0.0">
    <skipped/>
  </testcase> <!-- checkForDownloadButtonAvailabilityForUserInProfile -->
  <testcase classname="org.sunbird.testscripts.SearchAndDownloadOrgFile" name="searchAndDownloadOrgFile" time="0.0">
    <skipped/>
  </testcase> <!-- searchAndDownloadOrgFile -->
  <testcase classname="org.sunbird.testscripts.CourseCreation" name="courseCreation" time="0.001">
    <skipped/>
  </testcase> <!-- courseCreation -->
  <testcase classname="org.sunbird.testscripts.UploadRootOrg" name="uploadRootOrg" time="0.001">
    <skipped/>
  </testcase> <!-- uploadRootOrg -->
  <testcase classname="org.sunbird.testscripts.CheckUpForReviewAsFlagReviewer" name="checkUpForReviewAsFlagReviewer" time="0.001">
    <skipped/>
  </testcase> <!-- checkUpForReviewAsFlagReviewer -->
  <testcase classname="org.sunbird.testscripts.UploadRootOrgUsers" name="uploadRootOrgUsers" time="0.0">
    <skipped/>
  </testcase> <!-- uploadRootOrgUsers -->
  <testcase classname="org.sunbird.testscripts.BookCreation" name="bookCreation" time="0.0">
    <skipped/>
  </testcase> <!-- bookCreation -->
  <testcase classname="org.sunbird.testscripts.UploadSubOrg" name="uploadSubOrg" time="0.0">
    <skipped/>
  </testcase> <!-- uploadSubOrg -->
  <testcase classname="org.sunbird.testscripts.LessonplanCreation" name="lessonplanCreation" time="0.0">
    <skipped/>
  </testcase> <!-- lessonplanCreation -->
  <testcase classname="org.sunbird.testscripts.UploadSubOrgUsers" name="uploadSubOrgUsers" time="0.001">
    <skipped/>
  </testcase> <!-- uploadSubOrgUsers -->
  <testcase classname="org.sunbird.testscripts.UploadMp4Content" name="uploadMp4Content" time="0.0">
    <skipped/>
  </testcase> <!-- uploadMp4Content -->
  <testcase classname="org.sunbird.testscripts.RootUsersProviderAndExtID" name="rootUsersProviderAndExtID" time="0.001">
    <skipped/>
  </testcase> <!-- rootUsersProviderAndExtID -->
  <testcase classname="org.sunbird.testscripts.UploadWebmContent" name="uploadWebmContent" time="0.001">
    <skipped/>
  </testcase> <!-- uploadWebmContent -->
  <testcase classname="org.sunbird.testscripts.SubOrgUsersProviderAndExtId" name="subOrgUsersProviderAndExtId" time="0.0">
    <skipped/>
  </testcase> <!-- subOrgUsersProviderAndExtId -->
  <testcase classname="org.sunbird.testscripts.UploadYoutubeContent" name="uploadYoutubeContent" time="0.0">
    <skipped/>
  </testcase> <!-- uploadYoutubeContent -->
  <testcase classname="org.sunbird.testscripts.VerifyElementsInAdminDashboard" name="verifyElementsInAdminDashboard" time="0.0">
    <skipped/>
  </testcase> <!-- verifyElementsInAdminDashboard -->
  <testcase classname="org.sunbird.testscripts.UploadEpubContent" name="uploadEpubContent" time="0.001">
    <skipped/>
  </testcase> <!-- uploadEpubContent -->
  <testcase classname="org.sunbird.testscripts.AdminCreationAndDownloadCsv" name="adminCreationAndDownloadCsv" time="0.001">
    <skipped/>
  </testcase> <!-- adminCreationAndDownloadCsv -->
  <testcase classname="org.sunbird.testscripts.UploadHtmlContent" name="uploadHtmlContent" time="0.001">
    <skipped/>
  </testcase> <!-- uploadHtmlContent -->
  <testcase classname="org.sunbird.testscripts.AdminConsumptionAndDownloadCsv" name="adminConsumptionAndDownloadCsv" time="0.0">
    <skipped/>
  </testcase> <!-- adminConsumptionAndDownloadCsv -->
  <testcase classname="org.sunbird.testscripts.UploadH5pContent" name="uploadH5pContent" time="0.001">
    <skipped/>
  </testcase> <!-- uploadH5pContent -->
  <testcase classname="org.sunbird.testscripts.CollectionCreation" name="collectionCreation" time="0.001">
    <skipped/>
  </testcase> <!-- collectionCreation -->
  <testcase classname="org.sunbird.testscripts.ResourceCreation" name="resourceCreation" time="0.0">
    <skipped/>
  </testcase> <!-- resourceCreation -->
  <testcase classname="org.sunbird.testscripts.EditContentAndSendForReview" name="editContentAndSendForReview" time="0.001">
    <skipped/>
  </testcase> <!-- editContentAndSendForReview -->
  <testcase classname="org.sunbird.testscripts.LimitedSharingTheContent" name="limitedSharingTheContent" time="0.0">
    <skipped/>
  </testcase> <!-- limitedSharingTheContent -->
  <testcase classname="org.sunbird.testscripts.CheckInReviewSubmission" name="checkInReviewSubmission" time="0.001">
    <skipped/>
  </testcase> <!-- checkInReviewSubmission -->
  <testcase classname="org.sunbird.testscripts.CheckInReviewSubmission" name="checkInReviewSubmission" time="0.0">
    <skipped/>
  </testcase> <!-- checkInReviewSubmission -->
  <testcase classname="org.sunbird.testscripts.VerifyPublishedBucket" name="verifyPublishedBucket" time="0.0">
    <skipped/>
  </testcase> <!-- verifyPublishedBucket -->
  <testcase classname="org.sunbird.testscripts.DialCodeLink" name="dialCodeLink" time="0.001">
    <skipped/>
  </testcase> <!-- dialCodeLink -->
  <testcase classname="org.sunbird.testscripts.UnlinkDailcode" name="unlinkDailcode" time="0.0">
    <skipped/>
  </testcase> <!-- unlinkDailcode -->
  <testcase classname="org.sunbird.testscripts.BookCreateOptionValidation" name="bookCreateOptionValidation" time="0.0">
    <skipped/>
  </testcase> <!-- bookCreateOptionValidation -->
  <testcase classname="org.sunbird.testscripts.VerifyBookCreator" name="verifyBookCreation" time="0.001">
    <skipped/>
  </testcase> <!-- verifyBookCreation -->
</testsuite> <!-- regressiontest-P1 -->
