<?xml version="1.0" encoding="UTF-8"?>
<!-- Generated by org.testng.reporters.JUnitXMLReporter -->
<testsuite ignored="0" hostname="Qualitrix-LinuxPC" failures="1" tests="1" name="regressiontest-P1" time="180.058" errors="0" timestamp="24 Nov 2018 12:31:44 GMT">
  <testcase classname="org.testscripts.ConsumeCourseByInvitedMember" name="consumeCourseByInvitedMember" time="171.948">
    <failure type="java.lang.AssertionError" message="Failed to publish and search">
      <![CDATA[java.lang.AssertionError: Failed to publish and search
	at org.pageobjects.CreatorUserPageObj.publishAndSearch(CreatorUserPageObj.java:818)
	at org.testscripts.ConsumeCourseByInvitedMember.consumeCourseByInvitedMember(ConsumeCourseByInvitedMember.java:65)
... Removed 26 stack frames]]>
    </failure>
  </testcase> <!-- consumeCourseByInvitedMember -->
</testsuite> <!-- regressiontest-P1 -->
