<?xml version="1.0" encoding="UTF-8"?>
<testng-results ignored="0" total="1" passed="1" failed="0" skipped="0">
  <reporter-output>
  </reporter-output>
  <suite started-at="2018-11-25T06:51:54Z" name="Automation Suite" finished-at="2018-11-25T06:53:30Z" duration-ms="96207">
    <groups>
    </groups>
    <test started-at="2018-11-25T06:51:54Z" name="regressiontest-P1" finished-at="2018-11-25T06:53:30Z" duration-ms="96207">
      <class name="org.testscripts.ResendAnnouncementAndVerifyAsReciever">
        <test-method is-config="true" signature="openApplication()[pri:0, instance:org.testscripts.ResendAnnouncementAndVerifyAsReciever@424e1977]" started-at="2018-11-25T12:21:54Z" name="openApplication" finished-at="2018-11-25T12:22:02Z" duration-ms="7337" status="PASS">
          <reporter-output>
          </reporter-output>
        </test-method> <!-- openApplication -->
        <test-method signature="resendAnnouncement()[pri:0, instance:org.testscripts.ResendAnnouncementAndVerifyAsReciever@424e1977]" started-at="2018-11-25T12:22:02Z" name="resendAnnouncement" finished-at="2018-11-25T12:23:30Z" duration-ms="88079" status="PASS">
          <reporter-output>
          </reporter-output>
        </test-method> <!-- resendAnnouncement -->
        <test-method is-config="true" signature="closeApplication()[pri:0, instance:org.testscripts.ResendAnnouncementAndVerifyAsReciever@424e1977]" started-at="2018-11-25T12:23:30Z" name="closeApplication" finished-at="2018-11-25T12:23:30Z" duration-ms="774" status="PASS">
          <reporter-output>
          </reporter-output>
        </test-method> <!-- closeApplication -->
      </class> <!-- org.testscripts.ResendAnnouncementAndVerifyAsReciever -->
    </test> <!-- regressiontest-P1 -->
  </suite> <!-- Automation Suite -->
</testng-results>
